<?xml version="1.0" encoding="UTF-8"?>
<robot generator="Robot 7.2.2 (Python 3.13.2 on darwin)" generated="2025-04-11T23:17:21.205975" rpa="false" schemaversion="5">
<suite id="s1" name="Tests" source="/Users/rizkafbrl/Workspace/repos/api_rest_assured/robot-petstore-api-tests/tests">
<suite id="s1-s1" name="Pets" source="/Users/rizkafbrl/Workspace/repos/api_rest_assured/robot-petstore-api-tests/tests/pets">
<suite id="s1-s1-s1" name="Add Pet" source="/Users/rizkafbrl/Workspace/repos/api_rest_assured/robot-petstore-api-tests/tests/pets/add_pet.robot">
<test id="s1-s1-s1-t1" name="Add New Pet" line="10">
<kw name="Setup API Session" owner="common_keywords">
<kw name="Create Session" owner="RequestsLibrary">
<msg time="2025-04-11T23:17:21.264913" level="INFO">Creating Session using : alias=petstore, url=https://petstore.swagger.io/v2, headers={},                     cookies={}, auth=None, timeout=None, proxies=None, verify=False,                     debug=0 </msg>
<arg>petstore</arg>
<arg>${BASE_URL}</arg>
<arg>verify=${FALSE}</arg>
<doc>Create Session: create a HTTP session to a server</doc>
<status status="PASS" start="2025-04-11T23:17:21.264822" elapsed="0.000171"/>
</kw>
<kw name="Disable Warnings" owner="common_keywords">
<kw name="Evaluate" owner="BuiltIn">
<arg>__import__('urllib3').disable_warnings()</arg>
<arg>modules=urllib3</arg>
<doc>Evaluates the given expression in Python and returns the result.</doc>
<status status="PASS" start="2025-04-11T23:17:21.265123" elapsed="0.000087"/>
</kw>
<doc>Disables insecure request warnings.</doc>
<status status="PASS" start="2025-04-11T23:17:21.265050" elapsed="0.000185"/>
</kw>
<doc>Sets up the API session for the Pet Store API.</doc>
<status status="PASS" start="2025-04-11T23:17:21.264593" elapsed="0.000658"/>
</kw>
<kw name="Create Pet" owner="pet_keywords">
<kw name="Create Dictionary" owner="BuiltIn">
<msg time="2025-04-11T23:17:21.265494" level="INFO">${category} = {'id': '1', 'name': 'Cats'}</msg>
<var>${category}</var>
<arg>id=1</arg>
<arg>name=Cats</arg>
<doc>Creates and returns a dictionary based on the given ``items``.</doc>
<status status="PASS" start="2025-04-11T23:17:21.265411" elapsed="0.000093"/>
</kw>
<kw name="Create Dictionary" owner="BuiltIn">
<msg time="2025-04-11T23:17:21.265621" level="INFO">${payload} = {'name': 'Cat1', 'status': 'available', 'id': '1234', 'category': {'id': '1', 'name': 'Cats'}}</msg>
<var>${payload}</var>
<arg>name=${name}</arg>
<arg>status=${status}</arg>
<arg>id=1234</arg>
<arg>category=${category}</arg>
<doc>Creates and returns a dictionary based on the given ``items``.</doc>
<status status="PASS" start="2025-04-11T23:17:21.265540" elapsed="0.000089"/>
</kw>
<kw name="Send POST Request" owner="pet_keywords">
<kw name="Create Session" owner="RequestsLibrary">
<msg time="2025-04-11T23:17:21.265817" level="INFO">Creating Session using : alias=petstore, url=https://petstore.swagger.io/v2, headers={},                     cookies={}, auth=None, timeout=None, proxies=None, verify=False,                     debug=0 </msg>
<arg>petstore</arg>
<arg>${BASE_URL}</arg>
<arg>verify=${FALSE}</arg>
<doc>Create Session: create a HTTP session to a server</doc>
<status status="PASS" start="2025-04-11T23:17:21.265765" elapsed="0.000095"/>
</kw>
<kw name="POST On Session" owner="RequestsLibrary">
<msg time="2025-04-11T23:17:22.268300" level="INFO">POST Request : url=https://petstore.swagger.io/v2/pet 
 path_url=/v2/pet 
 headers={'User-Agent': 'python-requests/2.32.3', 'Accept-Encoding': 'gzip, deflate', 'Accept': '*/*', 'Connection': 'keep-alive', 'Content-Length': '94', 'Content-Type': 'application/json'} 
 body=b'{"name": "Cat1", "status": "available", "id": "1234", "category": {"id": "1", "name": "Cats"}}' 
 </msg>
<msg time="2025-04-11T23:17:22.268386" level="INFO">POST Response : url=https://petstore.swagger.io/v2/pet 
 status=200, reason=OK 
 headers={'Date': 'Fri, 11 Apr 2025 16:17:22 GMT', 'Content-Type': 'application/json', 'Transfer-Encoding': 'chunked', 'Connection': 'keep-alive', 'Access-Control-Allow-Origin': '*', 'Access-Control-Allow-Methods': 'GET, POST, DELETE, PUT', 'Access-Control-Allow-Headers': 'Content-Type, api_key, Authorization', 'Server': 'Jetty(9.2.9.v20150224)'} 
 body={"id":1234,"category":{"id":1,"name":"Cats"},"name":"Cat1","photoUrls":[],"tags":[],"status":"available"} 
 </msg>
<msg time="2025-04-11T23:17:22.268473" level="INFO">${response} = &lt;Response [200]&gt;</msg>
<var>${response}</var>
<arg>petstore</arg>
<arg>${endpoint}</arg>
<arg>json=${data}</arg>
<doc>Sends a POST request on a previously created HTTP Session.</doc>
<status status="PASS" start="2025-04-11T23:17:21.265892" elapsed="1.002597"/>
</kw>
<return>
<value>${response}</value>
<status status="PASS" start="2025-04-11T23:17:22.268544" elapsed="0.000047"/>
</return>
<msg time="2025-04-11T23:17:22.268679" level="INFO">${response} = &lt;Response [200]&gt;</msg>
<var>${response}</var>
<arg>${CREATE_PET_ENDPOINT}</arg>
<arg>${payload}</arg>
<status status="PASS" start="2025-04-11T23:17:21.265680" elapsed="1.003011"/>
</kw>
<kw name="Should Be Equal As Numbers" owner="BuiltIn">
<msg time="2025-04-11T23:17:22.269176" level="INFO">Argument types are:
&lt;class 'int'&gt;
&lt;class 'str'&gt;</msg>
<arg>${response.status_code}</arg>
<arg>200</arg>
<doc>Fails if objects are unequal after converting them to real numbers.</doc>
<status status="PASS" start="2025-04-11T23:17:22.268782" elapsed="0.000437"/>
</kw>
<arg>${PET_NAME}</arg>
<arg>${PET_STATUS}</arg>
<status status="PASS" start="2025-04-11T23:17:21.265312" elapsed="1.003942"/>
</kw>
<kw name="Verify Pet Created" owner="pet_keywords">
<kw name="Create Dictionary" owner="BuiltIn">
<msg time="2025-04-11T23:17:22.269723" level="INFO">${params} = {'status': 'available'}</msg>
<var>${params}</var>
<arg>status=${status}</arg>
<doc>Creates and returns a dictionary based on the given ``items``.</doc>
<status status="PASS" start="2025-04-11T23:17:22.269602" elapsed="0.000134"/>
</kw>
<kw name="Send GET Request" owner="pet_keywords">
<kw name="Create Session" owner="RequestsLibrary">
<msg time="2025-04-11T23:17:22.270075" level="INFO">Creating Session using : alias=petstore, url=https://petstore.swagger.io/v2, headers={},                     cookies={}, auth=None, timeout=None, proxies=None, verify=False,                     debug=0 </msg>
<arg>petstore</arg>
<arg>${BASE_URL}</arg>
<arg>verify=${FALSE}</arg>
<doc>Create Session: create a HTTP session to a server</doc>
<status status="PASS" start="2025-04-11T23:17:22.269975" elapsed="0.000460"/>
</kw>
<kw name="GET On Session" owner="RequestsLibrary">
<msg time="2025-04-11T23:17:23.682460" level="INFO">GET Request : url=https://petstore.swagger.io/v2/pet/findByStatus?status=available 
 path_url=/v2/pet/findByStatus?status=available 
 headers={'User-Agent': 'python-requests/2.32.3', 'Accept-Encoding': 'gzip, deflate', 'Accept': '*/*', 'Connection': 'keep-alive'} 
 body=None 
 </msg>
<msg time="2025-04-11T23:17:23.682966" level="INFO">GET Response : url=https://petstore.swagger.io/v2/pet/findByStatus?status=available 
 status=200, reason=OK 
 headers={'Date': 'Fri, 11 Apr 2025 16:17:23 GMT', 'Content-Type': 'application/json', 'Transfer-Encoding': 'chunked', 'Connection': 'keep-alive', 'Access-Control-Allow-Origin': '*', 'Access-Control-Allow-Methods': 'GET, POST, DELETE, PUT', 'Access-Control-Allow-Headers': 'Content-Type, api_key, Authorization', 'Server': 'Jetty(9.2.9.v20150224)'} 
 body=[{"id":9223372036854756247,"category":{"id":0,"name":"LUCKY"},"name":"LUCKY","photoUrls":["https://some-cool.url.com"],"tags":[{"id":0,"name":"pet-tag-12345"}],"status":"available"},{"id":9223372036854756248,"category":{"id":0,"name":"LUCKY"},"name":"LUCKY","photoUrls":["https://some-cool.url.com"],"tags":[{"id":0,"name":"pet-tag-12345"}],"status":"available"},{"id":9223372036854756249,"category":{"id":0,"name":"LUCKY"},"name":"LUCKY","photoUrls":["https://some-cool.url.com"],"tags":[{"id":0,"name":"pet-tag-12345"}],"status":"available"},{"id":9223372036854756250,"category":{"id":0,"name":"LUCKY"},"name":"LUCKY","photoUrls":["https://some-cool.url.com"],"tags":[{"id":0,"name":"pet-tag-12345"}],"status":"available"},{"id":9223372036854756251,"category":{"id":0,"name":"LUCKY"},"name":"LUCKY","photoUrls":["https://some-cool.url.com"],"tags":[{"id":0,"name":"pet-tag-12345"}],"status":"available"},{"id":9223372036854756252,"category":{"id":0,"name":"string"},"name":"fish","photoUrls":["string"],"tags":[{"id":0,"name":"string"}],"status":"available"},{"id":9223372036854756253,"category":{"id":0,"name":"LUCKY"},"name":"LUCKY","photoUrls":["https://some-cool.url.com"],"tags":[{"id":0,"name":"pet-tag-12345"}],"status":"available"},{"id":9223372036854756254,"category":{"id":0,"name":"LUCKY"},"name":"LUCKY","photoUrls":["https://some-cool.url.com"],"tags":[{"id":0,"name":"pet-tag-12345"}],"status":"available"},{"id":9223372036854756255,"category":{"id":0,"name":"LUCKY"},"name":"LUCKY","photoUrls":["https://some-cool.url.com"],"tags":[{"id":0,"name":"pet-tag-12345"}],"status":"available"},{"id":9223372036854756256,"category":{"id":0,"name":"LUCKY"},"name":"LUCKY","photoUrls":["https://some-cool.url.com"],"tags":[{"id":0,"name":"pet-tag-12345"}],"status":"available"},{"id":9223372036854756257,"category":{"id":0,"name":"LUCKY"},"name":"LUCKY","photoUrls":["https://some-cool.url.com"],"tags":[{"id":0,"name":"pet-tag-12345"}],"status":"available"},{"id":9223372036854756258,"category":{"id":0,"name":"LUCKY"},"name":"LUCKY","photoUrls":["https://some-cool.url.com"],"tags":[{"id":0,"name":"pet-tag-12345"}],"status":"available"},{"id":9223372036854756259,"category":{"id":0,"name":"string"},"name":"Puff","photoUrls":["string"],"tags":[{"id":0,"name":"string"}],"status":"available"},{"id":9223372036854756260,"category":{"id":0,"name":"LUCKY"},"name":"LUCKY","photoUrls":["https://some-cool.url.com"],"tags":[{"id":0,"name":"pet-tag-12345"}],"status":"available"},{"id":9223372036854756261,"category":{"id":0,"name":"LUCKY"},"name":"LUCKY","photoUrls":["https://some-cool.url.com"],"tags":[{"id":0,"name":"pet-tag-12345"}],"status":"available"},{"id":9223372036854756262,"category":{"id":0,"name":"LUCKY"},"name":"LUCKY","photoUrls":["https://some-cool.url.com"],"tags":[{"id":0,"name":"pet-tag-12345"}],"status":"available"},{"id":9223372036854756263,"category":{"id":0,"name":"LUCKY"},"name":"LUCKY","photoUrls":["https://some-cool.url.com"],"tags":[{"id":0,"name":"pet-tag-12345"}],"status":"available"},{"id":9223372036854756264,"category":{"id":0,"name":"LUCKY"},"name":"LUCKY","photoUrls":["https://some-cool.url.com"],"tags":[{"id":0,"name":"pet-tag-12345"}],"status":"available"},{"id":9223372036854756265,"category":{"id":0,"name":"LUCKY"},"name":"LUCKY","photoUrls":["https://some-cool.url.com"],"tags":[{"id":0,"name":"pet-tag-12345"}],"status":"available"},{"id":9223372036854756266,"category":{"id":0,"name":"LUCKY"},"name":"LUCKY","photoUrls":["https://some-cool.url.com"],"tags":[{"id":0,"name":"pet-tag-12345"}],"status":"available"},{"id":9223372036854756267,"category":{"id":0,"name":"LUCKY"},"name":"LUCKY","photoUrls":["https://some-cool.url.com"],"tags":[{"id":0,"name":"pet-tag-12345"}],"status":"available"},{"id":9223372036854756268,"category":{"id":0,"name":"LUCKY"},"name":"LUCKY","photoUrls":["https://some-cool.url.com"],"tags":[{"id":0,"name":"pet-tag-12345"}],"status":"available"},{"id":9223372036854756269,"category":{"id":0,"name":"LUCKY"},"name":"LUCKY","photoUrls":["https://some-cool.url.com"],"tags":[{"id":0,"name":"pet-tag-12345"}],"status":"available"},{"id":9223372036854756270,"category":{"id":0,"name":"LUCKY"},"name":"LUCKY","photoUrls":["https://some-cool.url.com"],"tags":[{"id":0,"name":"pet-tag-12345"}],"status":"available"},{"id":9223372036854756271,"category":{"id":0,"name":"LUCKY"},"name":"LUCKY","photoUrls":["https://some-cool.url.com"],"tags":[{"id":0,"name":"pet-tag-12345"}],"status":"available"},{"id":9223372036854756272,"category":{"id":0,"name":"LUCKY"},"name":"LUCKY","photoUrls":["https://some-cool.url.com"],"tags":[{"id":0,"name":"pet-tag-12345"}],"status":"available"},{"id":9223372036854756273,"category":{"id":0,"name":"LUCKY"},"name":"LUCKY","photoUrls":["https://some-cool.url.com"],"tags":[{"id":0,"name":"pet-tag-12345"}],"status":"available"},{"id":9223372036854756274,"category":{"id":0,"name":"LUCKY"},"name":"LUCKY","photoUrls":["https://some-cool.url.com"],"tags":[{"id":0,"name":"pet-tag-12345"}],"status":"available"},{"id":9223372036854756275,"category":{"id":0,"name":"LUCKY"},"name":"LUCKY","photoUrls":["https://some-cool.url.com"],"tags":[{"id":0,"name":"pet-tag-12345"}],"status":"available"},{"id":9223372036854756276,"category":{"id":0,"name":"LUCKY"},"name":"LUCKY","photoUrls":["https://some-cool.url.com"],"tags":[{"id":0,"name":"pet-tag-12345"}],"status":"available"},{"id":9223372036854756277,"category":{"id":0,"name":"LUCKY"},"name":"LUCKY","photoUrls":["https://some-cool.url.com"],"tags":[{"id":0,"name":"pet-tag-12345"}],"status":"available"},{"id":9223372036854756278,"category":{"id":0,"name":"LUCKY"},"name":"LUCKY","photoUrls":["https://some-cool.url.com"],"tags":[{"id":0,"name":"pet-tag-12345"}],"status":"available"},{"id":9223372036854756279,"category":{"id":0,"name":"LUCKY"},"name":"LUCKY","photoUrls":["https://some-cool.url.com"],"tags":[{"id":0,"name":"pet-tag-12345"}],"status":"available"},{"id":9223372036854756280,"category":{"id":0,"name":"LUCKY"},"name":"LUCKY","photoUrls":["https://some-cool.url.com"],"tags":[{"id":0,"name":"pet-tag-12345"}],"status":"available"},{"id":9223372036854756282,"category":{"id":0,"name":"LUCKY"},"name":"LUCKY","photoUrls":["https://some-cool.url.com"],"tags":[{"id":0,"name":"pet-tag-12345"}],"status":"available"},{"id":9223372036854756285,"category":{"id":0,"name":"string"},"name":"Puff","photoUrls":["string"],"tags":[{"id":0,"name":"string"}],"status":"available"},{"id":9223372036854756286,"category":{"id":0,"name":"string"},"name":"Guru","photoUrls":["string"],"tags":[{"id":0,"name":"string"}],"status":"available"},{"id":9223372036854756289,"category":{"id":0,"name":"string"},"name":"Guru","photoUrls":["string"],"tags":[{"id":0,"name":"string"}],"status":"available"},{"id":9223372036854756290,"category":{"id":0,"name":"string"},"name":"Kosima","photoUrls":["string"],"tags":[{"id":0}],"status":"available"},{"id":9223372036854756293,"category":{"id":0,"name":"string"},"name":"Guru","photoUrls":["string"],"tags":[{"id":0,"name":"string"}],"status":"available"},{"id":9223372036854756296,"category":{"id":0,"name":"string"},"name":"fish","photoUrls":["string"],"tags":[{"id":0,"name":"string"}],"status":"available"},{"id":9223372036854756297,"category":{"id":0,"name":"string"},"name":"AXUMXYJUWQ","photoUrls":["string"],"tags":[],"status":"available"},{"id":9223372036854756298,"category":{"id":0,"name":"string"},"name":"fish","photoUrls":["string"],"tags":[{"id":0,"name":"string"}],"status":"available"},{"id":12,"category":{"id":1,"name":"string"},"name":"doggie","photoUrls":["string"],"tags":[{"id":1,"name":"string"}],"status":"available"},{"id":9223372036854756299,"category":{"id":0,"name":"string"},"name":"doggie","photoUrls":["string"],"tags":[{"id":0,"name":"sexy"}],"status":"available"},{"id":9223372036854756306,"category":{"id":0,"name":"string"},"name":"Guru","photoUrls":["string"],"tags":[{"id":0,"name":"string"}],"status":"available"},{"id":475,"category":{"id":761,"name":"РЫБЫ"},"name":"КИРИЛЛИЦА","photoUrls":["string","хуяка"],"tags":[{"id":212,"name":"чмоня"},{"id":213,"name":"чупакабра"}],"status":"available"},{"id":9223372036854756307,"category":{"id":0,"name":"string"},"name":"Guru","photoUrls":["string"],"tags":[{"id":0,"name":"string"}],"status":"available"},{"id":9223372036854756312,"category":{"id":0,"name":"string"},"name":"doggie","photoUrls":["string"],"tags":[{"id":0,"name":"string"}],"status":"available"},{"id":9223372036854756314,"category":{"id":0,"name":"string"},"name":"Guru","photoUrls":["string"],"tags":[{"id":0,"name":"string"}],"status":"available"},{"id":9223372036854756316,"category":{"id":0,"name":"string"},"name":"doggie","photoUrls":["string"],"tags":[{"id":0,"name":"string"}],"status":"available"},{"id":9223372036854756324,"category":{"id":0,"name":"string"},"name":"doggie","photoUrls":["string"],"tags":[{"id":0,"name":"string"}],"status":"available"},{"id":474,"category":{"id":476,"name":"РЫБЫ"},"name":"КИРИЛЛИЦА","photoUrls":["string","хуяка"],"tags":[{"id":478,"name":"чмоня"},{"id":481,"name":"чупакабра"}],"status":"available"},{"id":9223372036854756326,"category":{"id":0,"name":"string"},"name":"Kosima","photoUrls":["string"],"tags":[{"id":0}],"status":"available"},{"id":9223372036854756327,"category":{"id":0,"name":"string"},"name":"fish","photoUrls":["string"],"tags":[{"id":0,"name":"string"}],"status":"available"},{"id":9223372036854756328,"category":{"id":0,"name":"string"},"name":"Guru","photoUrls":["string"],"tags":[{"id":0,"name":"string"}],"status":"available"},{"id":9223372036854756335,"category":{"id":0,"name":"string"},"name":"Guru","photoUrls":["string"],"tags":[{"id":0,"name":"string"}],"status":"available"},{"id":999,"category":{"id":999,"name":"test"},"name":"testpes","photoUrls":["string"],"tags":[{"id":999,"name":"doggs"}],"status":"available"},{"id":9223372036854756338,"category":{"id":0,"name":"string"},"name":"Doggie","photoUrls":["string"],"tags":[{"id":0,"name":"string"}],"status":"available"},{"id"... (set the log level to DEBUG or TRACE to see the full content) 
 </msg>
<msg time="2025-04-11T23:17:23.683967" level="INFO">${response} = &lt;Response [200]&gt;</msg>
<var>${response}</var>
<arg>petstore</arg>
<arg>${endpoint}</arg>
<arg>params=${params}</arg>
<doc>Sends a GET request on a previously created HTTP Session.</doc>
<status status="PASS" start="2025-04-11T23:17:22.270495" elapsed="1.413550"/>
</kw>
<return>
<value>${response}</value>
<status status="PASS" start="2025-04-11T23:17:23.684328" elapsed="0.000174"/>
</return>
<msg time="2025-04-11T23:17:23.684873" level="INFO">${response} = &lt;Response [200]&gt;</msg>
<var>${response}</var>
<arg>${FIND_PETS_BY_STATUS_ENDPOINT}</arg>
<arg>${params}</arg>
<status status="PASS" start="2025-04-11T23:17:22.269820" elapsed="1.415092"/>
</kw>
<kw name="Set Variable" owner="BuiltIn">
<msg time="2025-04-11T23:17:23.689207" level="INFO">${json_response} = [{'id': 9223372036854756247, 'category': {'id': 0, 'name': 'LUCKY'}, 'name': 'LUCKY', 'photoUrls': ['https://some-cool.url.com'], 'tags': [{'id': 0, 'name': 'pet-tag-12345'}], 'status': 'available'}, ...</msg>
<var>${json_response}</var>
<arg>${response.json()}</arg>
<doc>Returns the given values which can then be assigned to a variables.</doc>
<status status="PASS" start="2025-04-11T23:17:23.685321" elapsed="0.003956"/>
</kw>
<for flavor="IN">
<iter>
<kw name="Set Variable" owner="BuiltIn">
<msg time="2025-04-11T23:17:23.690036" level="INFO">${pet_name} = LUCKY</msg>
<var>${pet_name}</var>
<arg>${pet}[name]</arg>
<doc>Returns the given values which can then be assigned to a variables.</doc>
<status status="PASS" start="2025-04-11T23:17:23.689864" elapsed="0.000194"/>
</kw>
<kw name="Run Keyword If" owner="BuiltIn">
<arg>'${pet_name}' == '${name}'</arg>
<arg>Exit For Loop</arg>
<doc>Runs the given keyword with the given arguments, if ``condition`` is true.</doc>
<status status="PASS" start="2025-04-11T23:17:23.690183" elapsed="0.000237"/>
</kw>
<var name="${pet}">{'id': 9223372036854756247, 'category': {'id': 0, 'name': 'LUCKY'}, 'name': 'LUCKY', 'photoUrls': ['https://some-cool.url.com'], 'tags': [{'id': 0, 'name': 'pet-tag-12345'}], 'status': 'available'}</var>
<status status="PASS" start="2025-04-11T23:17:23.689709" elapsed="0.000740"/>
</iter>
<iter>
<kw name="Set Variable" owner="BuiltIn">
<msg time="2025-04-11T23:17:23.690721" level="INFO">${pet_name} = LUCKY</msg>
<var>${pet_name}</var>
<arg>${pet}[name]</arg>
<doc>Returns the given values which can then be assigned to a variables.</doc>
<status status="PASS" start="2025-04-11T23:17:23.690618" elapsed="0.000122"/>
</kw>
<kw name="Run Keyword If" owner="BuiltIn">
<arg>'${pet_name}' == '${name}'</arg>
<arg>Exit For Loop</arg>
<doc>Runs the given keyword with the given arguments, if ``condition`` is true.</doc>
<status status="PASS" start="2025-04-11T23:17:23.690821" elapsed="0.000382"/>
</kw>
<var name="${pet}">{'id': 9223372036854756248, 'category': {'id': 0, 'name': 'LUCKY'}, 'name': 'LUCKY', 'photoUrls': ['https://some-cool.url.com'], 'tags': [{'id': 0, 'name': 'pet-tag-12345'}], 'status': 'available'}</var>
<status status="PASS" start="2025-04-11T23:17:23.690550" elapsed="0.000685"/>
</iter>
<iter>
<kw name="Set Variable" owner="BuiltIn">
<msg time="2025-04-11T23:17:23.691509" level="INFO">${pet_name} = LUCKY</msg>
<var>${pet_name}</var>
<arg>${pet}[name]</arg>
<doc>Returns the given values which can then be assigned to a variables.</doc>
<status status="PASS" start="2025-04-11T23:17:23.691388" elapsed="0.000140"/>
</kw>
<kw name="Run Keyword If" owner="BuiltIn">
<arg>'${pet_name}' == '${name}'</arg>
<arg>Exit For Loop</arg>
<doc>Runs the given keyword with the given arguments, if ``condition`` is true.</doc>
<status status="PASS" start="2025-04-11T23:17:23.691607" elapsed="0.000129"/>
</kw>
<var name="${pet}">{'id': 9223372036854756249, 'category': {'id': 0, 'name': 'LUCKY'}, 'name': 'LUCKY', 'photoUrls': ['https://some-cool.url.com'], 'tags': [{'id': 0, 'name': 'pet-tag-12345'}], 'status': 'available'}</var>
<status status="PASS" start="2025-04-11T23:17:23.691313" elapsed="0.000449"/>
</iter>
<iter>
<kw name="Set Variable" owner="BuiltIn">
<msg time="2025-04-11T23:17:23.691980" level="INFO">${pet_name} = LUCKY</msg>
<var>${pet_name}</var>
<arg>${pet}[name]</arg>
<doc>Returns the given values which can then be assigned to a variables.</doc>
<status status="PASS" start="2025-04-11T23:17:23.691882" elapsed="0.000115"/>
</kw>
<kw name="Run Keyword If" owner="BuiltIn">
<arg>'${pet_name}' == '${name}'</arg>
<arg>Exit For Loop</arg>
<doc>Runs the given keyword with the given arguments, if ``condition`` is true.</doc>
<status status="PASS" start="2025-04-11T23:17:23.692069" elapsed="0.000108"/>
</kw>
<var name="${pet}">{'id': 9223372036854756250, 'category': {'id': 0, 'name': 'LUCKY'}, 'name': 'LUCKY', 'photoUrls': ['https://some-cool.url.com'], 'tags': [{'id': 0, 'name': 'pet-tag-12345'}], 'status': 'available'}</var>
<status status="PASS" start="2025-04-11T23:17:23.691827" elapsed="0.000375"/>
</iter>
<iter>
<kw name="Set Variable" owner="BuiltIn">
<msg time="2025-04-11T23:17:23.692403" level="INFO">${pet_name} = LUCKY</msg>
<var>${pet_name}</var>
<arg>${pet}[name]</arg>
<doc>Returns the given values which can then be assigned to a variables.</doc>
<status status="PASS" start="2025-04-11T23:17:23.692315" elapsed="0.000104"/>
</kw>
<kw name="Run Keyword If" owner="BuiltIn">
<arg>'${pet_name}' == '${name}'</arg>
<arg>Exit For Loop</arg>
<doc>Runs the given keyword with the given arguments, if ``condition`` is true.</doc>
<status status="PASS" start="2025-04-11T23:17:23.692492" elapsed="0.000126"/>
</kw>
<var name="${pet}">{'id': 9223372036854756251, 'category': {'id': 0, 'name': 'LUCKY'}, 'name': 'LUCKY', 'photoUrls': ['https://some-cool.url.com'], 'tags': [{'id': 0, 'name': 'pet-tag-12345'}], 'status': 'available'}</var>
<status status="PASS" start="2025-04-11T23:17:23.692262" elapsed="0.000380"/>
</iter>
<iter>
<kw name="Set Variable" owner="BuiltIn">
<msg time="2025-04-11T23:17:23.692846" level="INFO">${pet_name} = fish</msg>
<var>${pet_name}</var>
<arg>${pet}[name]</arg>
<doc>Returns the given values which can then be assigned to a variables.</doc>
<status status="PASS" start="2025-04-11T23:17:23.692757" elapsed="0.000105"/>
</kw>
<kw name="Run Keyword If" owner="BuiltIn">
<arg>'${pet_name}' == '${name}'</arg>
<arg>Exit For Loop</arg>
<doc>Runs the given keyword with the given arguments, if ``condition`` is true.</doc>
<status status="PASS" start="2025-04-11T23:17:23.692941" elapsed="0.000106"/>
</kw>
<var name="${pet}">{'id': 9223372036854756252, 'category': {'id': 0, 'name': 'string'}, 'name': 'fish', 'photoUrls': ['string'], 'tags': [{'id': 0, 'name': 'string'}], 'status': 'available'}</var>
<status status="PASS" start="2025-04-11T23:17:23.692704" elapsed="0.000366"/>
</iter>
<iter>
<kw name="Set Variable" owner="BuiltIn">
<msg time="2025-04-11T23:17:23.693272" level="INFO">${pet_name} = LUCKY</msg>
<var>${pet_name}</var>
<arg>${pet}[name]</arg>
<doc>Returns the given values which can then be assigned to a variables.</doc>
<status status="PASS" start="2025-04-11T23:17:23.693181" elapsed="0.000108"/>
</kw>
<kw name="Run Keyword If" owner="BuiltIn">
<arg>'${pet_name}' == '${name}'</arg>
<arg>Exit For Loop</arg>
<doc>Runs the given keyword with the given arguments, if ``condition`` is true.</doc>
<status status="PASS" start="2025-04-11T23:17:23.693362" elapsed="0.000115"/>
</kw>
<var name="${pet}">{'id': 9223372036854756253, 'category': {'id': 0, 'name': 'LUCKY'}, 'name': 'LUCKY', 'photoUrls': ['https://some-cool.url.com'], 'tags': [{'id': 0, 'name': 'pet-tag-12345'}], 'status': 'available'}</var>
<status status="PASS" start="2025-04-11T23:17:23.693130" elapsed="0.000371"/>
</iter>
<iter>
<kw name="Set Variable" owner="BuiltIn">
<msg time="2025-04-11T23:17:23.693702" level="INFO">${pet_name} = LUCKY</msg>
<var>${pet_name}</var>
<arg>${pet}[name]</arg>
<doc>Returns the given values which can then be assigned to a variables.</doc>
<status status="PASS" start="2025-04-11T23:17:23.693616" elapsed="0.000102"/>
</kw>
<kw name="Run Keyword If" owner="BuiltIn">
<arg>'${pet_name}' == '${name}'</arg>
<arg>Exit For Loop</arg>
<doc>Runs the given keyword with the given arguments, if ``condition`` is true.</doc>
<status status="PASS" start="2025-04-11T23:17:23.693801" elapsed="0.000096"/>
</kw>
<var name="${pet}">{'id': 9223372036854756254, 'category': {'id': 0, 'name': 'LUCKY'}, 'name': 'LUCKY', 'photoUrls': ['https://some-cool.url.com'], 'tags': [{'id': 0, 'name': 'pet-tag-12345'}], 'status': 'available'}</var>
<status status="PASS" start="2025-04-11T23:17:23.693563" elapsed="0.000540"/>
</iter>
<iter>
<kw name="Set Variable" owner="BuiltIn">
<msg time="2025-04-11T23:17:23.694314" level="INFO">${pet_name} = LUCKY</msg>
<var>${pet_name}</var>
<arg>${pet}[name]</arg>
<doc>Returns the given values which can then be assigned to a variables.</doc>
<status status="PASS" start="2025-04-11T23:17:23.694223" elapsed="0.000108"/>
</kw>
<kw name="Run Keyword If" owner="BuiltIn">
<arg>'${pet_name}' == '${name}'</arg>
<arg>Exit For Loop</arg>
<doc>Runs the given keyword with the given arguments, if ``condition`` is true.</doc>
<status status="PASS" start="2025-04-11T23:17:23.694420" elapsed="0.000114"/>
</kw>
<var name="${pet}">{'id': 9223372036854756255, 'category': {'id': 0, 'name': 'LUCKY'}, 'name': 'LUCKY', 'photoUrls': ['https://some-cool.url.com'], 'tags': [{'id': 0, 'name': 'pet-tag-12345'}], 'status': 'available'}</var>
<status status="PASS" start="2025-04-11T23:17:23.694169" elapsed="0.000391"/>
</iter>
<iter>
<kw name="Set Variable" owner="BuiltIn">
<msg time="2025-04-11T23:17:23.694768" level="INFO">${pet_name} = LUCKY</msg>
<var>${pet_name}</var>
<arg>${pet}[name]</arg>
<doc>Returns the given values which can then be assigned to a variables.</doc>
<status status="PASS" start="2025-04-11T23:17:23.694680" elapsed="0.000105"/>
</kw>
<kw name="Run Keyword If" owner="BuiltIn">
<arg>'${pet_name}' == '${name}'</arg>
<arg>Exit For Loop</arg>
<doc>Runs the given keyword with the given arguments, if ``condition`` is true.</doc>
<status status="PASS" start="2025-04-11T23:17:23.694864" elapsed="0.000110"/>
</kw>
<var name="${pet}">{'id': 9223372036854756256, 'category': {'id': 0, 'name': 'LUCKY'}, 'name': 'LUCKY', 'photoUrls': ['https://some-cool.url.com'], 'tags': [{'id': 0, 'name': 'pet-tag-12345'}], 'status': 'available'}</var>
<status status="PASS" start="2025-04-11T23:17:23.694625" elapsed="0.000373"/>
</iter>
<iter>
<kw name="Set Variable" owner="BuiltIn">
<msg time="2025-04-11T23:17:23.695203" level="INFO">${pet_name} = LUCKY</msg>
<var>${pet_name}</var>
<arg>${pet}[name]</arg>
<doc>Returns the given values which can then be assigned to a variables.</doc>
<status status="PASS" start="2025-04-11T23:17:23.695114" elapsed="0.000105"/>
</kw>
<kw name="Run Keyword If" owner="BuiltIn">
<arg>'${pet_name}' == '${name}'</arg>
<arg>Exit For Loop</arg>
<doc>Runs the given keyword with the given arguments, if ``condition`` is true.</doc>
<status status="PASS" start="2025-04-11T23:17:23.695293" elapsed="0.000103"/>
</kw>
<var name="${pet}">{'id': 9223372036854756257, 'category': {'id': 0, 'name': 'LUCKY'}, 'name': 'LUCKY', 'photoUrls': ['https://some-cool.url.com'], 'tags': [{'id': 0, 'name': 'pet-tag-12345'}], 'status': 'available'}</var>
<status status="PASS" start="2025-04-11T23:17:23.695063" elapsed="0.000357"/>
</iter>
<iter>
<kw name="Set Variable" owner="BuiltIn">
<msg time="2025-04-11T23:17:23.695609" level="INFO">${pet_name} = LUCKY</msg>
<var>${pet_name}</var>
<arg>${pet}[name]</arg>
<doc>Returns the given values which can then be assigned to a variables.</doc>
<status status="PASS" start="2025-04-11T23:17:23.695530" elapsed="0.000093"/>
</kw>
<kw name="Run Keyword If" owner="BuiltIn">
<arg>'${pet_name}' == '${name}'</arg>
<arg>Exit For Loop</arg>
<doc>Runs the given keyword with the given arguments, if ``condition`` is true.</doc>
<status status="PASS" start="2025-04-11T23:17:23.695688" elapsed="0.000093"/>
</kw>
<var name="${pet}">{'id': 9223372036854756258, 'category': {'id': 0, 'name': 'LUCKY'}, 'name': 'LUCKY', 'photoUrls': ['https://some-cool.url.com'], 'tags': [{'id': 0, 'name': 'pet-tag-12345'}], 'status': 'available'}</var>
<status status="PASS" start="2025-04-11T23:17:23.695482" elapsed="0.000320"/>
</iter>
<iter>
<kw name="Set Variable" owner="BuiltIn">
<msg time="2025-04-11T23:17:23.696024" level="INFO">${pet_name} = Puff</msg>
<var>${pet_name}</var>
<arg>${pet}[name]</arg>
<doc>Returns the given values which can then be assigned to a variables.</doc>
<status status="PASS" start="2025-04-11T23:17:23.695902" elapsed="0.000138"/>
</kw>
<kw name="Run Keyword If" owner="BuiltIn">
<arg>'${pet_name}' == '${name}'</arg>
<arg>Exit For Loop</arg>
<doc>Runs the given keyword with the given arguments, if ``condition`` is true.</doc>
<status status="PASS" start="2025-04-11T23:17:23.696119" elapsed="0.000095"/>
</kw>
<var name="${pet}">{'id': 9223372036854756259, 'category': {'id': 0, 'name': 'string'}, 'name': 'Puff', 'photoUrls': ['string'], 'tags': [{'id': 0, 'name': 'string'}], 'status': 'available'}</var>
<status status="PASS" start="2025-04-11T23:17:23.695857" elapsed="0.000379"/>
</iter>
<iter>
<kw name="Set Variable" owner="BuiltIn">
<msg time="2025-04-11T23:17:23.696425" level="INFO">${pet_name} = LUCKY</msg>
<var>${pet_name}</var>
<arg>${pet}[name]</arg>
<doc>Returns the given values which can then be assigned to a variables.</doc>
<status status="PASS" start="2025-04-11T23:17:23.696348" elapsed="0.000091"/>
</kw>
<kw name="Run Keyword If" owner="BuiltIn">
<arg>'${pet_name}' == '${name}'</arg>
<arg>Exit For Loop</arg>
<doc>Runs the given keyword with the given arguments, if ``condition`` is true.</doc>
<status status="PASS" start="2025-04-11T23:17:23.696501" elapsed="0.000111"/>
</kw>
<var name="${pet}">{'id': 9223372036854756260, 'category': {'id': 0, 'name': 'LUCKY'}, 'name': 'LUCKY', 'photoUrls': ['https://some-cool.url.com'], 'tags': [{'id': 0, 'name': 'pet-tag-12345'}], 'status': 'available'}</var>
<status status="PASS" start="2025-04-11T23:17:23.696294" elapsed="0.000338"/>
</iter>
<iter>
<kw name="Set Variable" owner="BuiltIn">
<msg time="2025-04-11T23:17:23.696802" level="INFO">${pet_name} = LUCKY</msg>
<var>${pet_name}</var>
<arg>${pet}[name]</arg>
<doc>Returns the given values which can then be assigned to a variables.</doc>
<status status="PASS" start="2025-04-11T23:17:23.696728" elapsed="0.000088"/>
</kw>
<kw name="Run Keyword If" owner="BuiltIn">
<arg>'${pet_name}' == '${name}'</arg>
<arg>Exit For Loop</arg>
<doc>Runs the given keyword with the given arguments, if ``condition`` is true.</doc>
<status status="PASS" start="2025-04-11T23:17:23.696879" elapsed="0.000082"/>
</kw>
<var name="${pet}">{'id': 9223372036854756261, 'category': {'id': 0, 'name': 'LUCKY'}, 'name': 'LUCKY', 'photoUrls': ['https://some-cool.url.com'], 'tags': [{'id': 0, 'name': 'pet-tag-12345'}], 'status': 'available'}</var>
<status status="PASS" start="2025-04-11T23:17:23.696684" elapsed="0.000298"/>
</iter>
<iter>
<kw name="Set Variable" owner="BuiltIn">
<msg time="2025-04-11T23:17:23.697154" level="INFO">${pet_name} = LUCKY</msg>
<var>${pet_name}</var>
<arg>${pet}[name]</arg>
<doc>Returns the given values which can then be assigned to a variables.</doc>
<status status="PASS" start="2025-04-11T23:17:23.697079" elapsed="0.000098"/>
</kw>
<kw name="Run Keyword If" owner="BuiltIn">
<arg>'${pet_name}' == '${name}'</arg>
<arg>Exit For Loop</arg>
<doc>Runs the given keyword with the given arguments, if ``condition`` is true.</doc>
<status status="PASS" start="2025-04-11T23:17:23.697239" elapsed="0.000088"/>
</kw>
<var name="${pet}">{'id': 9223372036854756262, 'category': {'id': 0, 'name': 'LUCKY'}, 'name': 'LUCKY', 'photoUrls': ['https://some-cool.url.com'], 'tags': [{'id': 0, 'name': 'pet-tag-12345'}], 'status': 'available'}</var>
<status status="PASS" start="2025-04-11T23:17:23.697035" elapsed="0.000315"/>
</iter>
<iter>
<kw name="Set Variable" owner="BuiltIn">
<msg time="2025-04-11T23:17:23.697509" level="INFO">${pet_name} = LUCKY</msg>
<var>${pet_name}</var>
<arg>${pet}[name]</arg>
<doc>Returns the given values which can then be assigned to a variables.</doc>
<status status="PASS" start="2025-04-11T23:17:23.697444" elapsed="0.000077"/>
</kw>
<kw name="Run Keyword If" owner="BuiltIn">
<arg>'${pet_name}' == '${name}'</arg>
<arg>Exit For Loop</arg>
<doc>Runs the given keyword with the given arguments, if ``condition`` is true.</doc>
<status status="PASS" start="2025-04-11T23:17:23.697587" elapsed="0.000073"/>
</kw>
<var name="${pet}">{'id': 9223372036854756263, 'category': {'id': 0, 'name': 'LUCKY'}, 'name': 'LUCKY', 'photoUrls': ['https://some-cool.url.com'], 'tags': [{'id': 0, 'name': 'pet-tag-12345'}], 'status': 'available'}</var>
<status status="PASS" start="2025-04-11T23:17:23.697406" elapsed="0.000443"/>
</iter>
<iter>
<kw name="Set Variable" owner="BuiltIn">
<msg time="2025-04-11T23:17:23.698000" level="INFO">${pet_name} = LUCKY</msg>
<var>${pet_name}</var>
<arg>${pet}[name]</arg>
<doc>Returns the given values which can then be assigned to a variables.</doc>
<status status="PASS" start="2025-04-11T23:17:23.697934" elapsed="0.000078"/>
</kw>
<kw name="Run Keyword If" owner="BuiltIn">
<arg>'${pet_name}' == '${name}'</arg>
<arg>Exit For Loop</arg>
<doc>Runs the given keyword with the given arguments, if ``condition`` is true.</doc>
<status status="PASS" start="2025-04-11T23:17:23.698070" elapsed="0.000073"/>
</kw>
<var name="${pet}">{'id': 9223372036854756264, 'category': {'id': 0, 'name': 'LUCKY'}, 'name': 'LUCKY', 'photoUrls': ['https://some-cool.url.com'], 'tags': [{'id': 0, 'name': 'pet-tag-12345'}], 'status': 'available'}</var>
<status status="PASS" start="2025-04-11T23:17:23.697896" elapsed="0.000265"/>
</iter>
<iter>
<kw name="Set Variable" owner="BuiltIn">
<msg time="2025-04-11T23:17:23.698311" level="INFO">${pet_name} = LUCKY</msg>
<var>${pet_name}</var>
<arg>${pet}[name]</arg>
<doc>Returns the given values which can then be assigned to a variables.</doc>
<status status="PASS" start="2025-04-11T23:17:23.698246" elapsed="0.000077"/>
</kw>
<kw name="Run Keyword If" owner="BuiltIn">
<arg>'${pet_name}' == '${name}'</arg>
<arg>Exit For Loop</arg>
<doc>Runs the given keyword with the given arguments, if ``condition`` is true.</doc>
<status status="PASS" start="2025-04-11T23:17:23.698375" elapsed="0.000072"/>
</kw>
<var name="${pet}">{'id': 9223372036854756265, 'category': {'id': 0, 'name': 'LUCKY'}, 'name': 'LUCKY', 'photoUrls': ['https://some-cool.url.com'], 'tags': [{'id': 0, 'name': 'pet-tag-12345'}], 'status': 'available'}</var>
<status status="PASS" start="2025-04-11T23:17:23.698207" elapsed="0.000258"/>
</iter>
<iter>
<kw name="Set Variable" owner="BuiltIn">
<msg time="2025-04-11T23:17:23.698613" level="INFO">${pet_name} = LUCKY</msg>
<var>${pet_name}</var>
<arg>${pet}[name]</arg>
<doc>Returns the given values which can then be assigned to a variables.</doc>
<status status="PASS" start="2025-04-11T23:17:23.698549" elapsed="0.000077"/>
</kw>
<kw name="Run Keyword If" owner="BuiltIn">
<arg>'${pet_name}' == '${name}'</arg>
<arg>Exit For Loop</arg>
<doc>Runs the given keyword with the given arguments, if ``condition`` is true.</doc>
<status status="PASS" start="2025-04-11T23:17:23.698678" elapsed="0.000072"/>
</kw>
<var name="${pet}">{'id': 9223372036854756266, 'category': {'id': 0, 'name': 'LUCKY'}, 'name': 'LUCKY', 'photoUrls': ['https://some-cool.url.com'], 'tags': [{'id': 0, 'name': 'pet-tag-12345'}], 'status': 'available'}</var>
<status status="PASS" start="2025-04-11T23:17:23.698510" elapsed="0.000258"/>
</iter>
<iter>
<kw name="Set Variable" owner="BuiltIn">
<msg time="2025-04-11T23:17:23.698956" level="INFO">${pet_name} = LUCKY</msg>
<var>${pet_name}</var>
<arg>${pet}[name]</arg>
<doc>Returns the given values which can then be assigned to a variables.</doc>
<status status="PASS" start="2025-04-11T23:17:23.698853" elapsed="0.000117"/>
</kw>
<kw name="Run Keyword If" owner="BuiltIn">
<arg>'${pet_name}' == '${name}'</arg>
<arg>Exit For Loop</arg>
<doc>Runs the given keyword with the given arguments, if ``condition`` is true.</doc>
<status status="PASS" start="2025-04-11T23:17:23.699022" elapsed="0.000084"/>
</kw>
<var name="${pet}">{'id': 9223372036854756267, 'category': {'id': 0, 'name': 'LUCKY'}, 'name': 'LUCKY', 'photoUrls': ['https://some-cool.url.com'], 'tags': [{'id': 0, 'name': 'pet-tag-12345'}], 'status': 'available'}</var>
<status status="PASS" start="2025-04-11T23:17:23.698815" elapsed="0.000309"/>
</iter>
<iter>
<kw name="Set Variable" owner="BuiltIn">
<msg time="2025-04-11T23:17:23.699313" level="INFO">${pet_name} = LUCKY</msg>
<var>${pet_name}</var>
<arg>${pet}[name]</arg>
<doc>Returns the given values which can then be assigned to a variables.</doc>
<status status="PASS" start="2025-04-11T23:17:23.699242" elapsed="0.000084"/>
</kw>
<kw name="Run Keyword If" owner="BuiltIn">
<arg>'${pet_name}' == '${name}'</arg>
<arg>Exit For Loop</arg>
<doc>Runs the given keyword with the given arguments, if ``condition`` is true.</doc>
<status status="PASS" start="2025-04-11T23:17:23.699386" elapsed="0.000084"/>
</kw>
<var name="${pet}">{'id': 9223372036854756268, 'category': {'id': 0, 'name': 'LUCKY'}, 'name': 'LUCKY', 'photoUrls': ['https://some-cool.url.com'], 'tags': [{'id': 0, 'name': 'pet-tag-12345'}], 'status': 'available'}</var>
<status status="PASS" start="2025-04-11T23:17:23.699202" elapsed="0.000285"/>
</iter>
<iter>
<kw name="Set Variable" owner="BuiltIn">
<msg time="2025-04-11T23:17:23.699649" level="INFO">${pet_name} = LUCKY</msg>
<var>${pet_name}</var>
<arg>${pet}[name]</arg>
<doc>Returns the given values which can then be assigned to a variables.</doc>
<status status="PASS" start="2025-04-11T23:17:23.699572" elapsed="0.000099"/>
</kw>
<kw name="Run Keyword If" owner="BuiltIn">
<arg>'${pet_name}' == '${name}'</arg>
<arg>Exit For Loop</arg>
<doc>Runs the given keyword with the given arguments, if ``condition`` is true.</doc>
<status status="PASS" start="2025-04-11T23:17:23.699741" elapsed="0.000074"/>
</kw>
<var name="${pet}">{'id': 9223372036854756269, 'category': {'id': 0, 'name': 'LUCKY'}, 'name': 'LUCKY', 'photoUrls': ['https://some-cool.url.com'], 'tags': [{'id': 0, 'name': 'pet-tag-12345'}], 'status': 'available'}</var>
<status status="PASS" start="2025-04-11T23:17:23.699533" elapsed="0.000300"/>
</iter>
<iter>
<kw name="Set Variable" owner="BuiltIn">
<msg time="2025-04-11T23:17:23.699988" level="INFO">${pet_name} = LUCKY</msg>
<var>${pet_name}</var>
<arg>${pet}[name]</arg>
<doc>Returns the given values which can then be assigned to a variables.</doc>
<status status="PASS" start="2025-04-11T23:17:23.699921" elapsed="0.000079"/>
</kw>
<kw name="Run Keyword If" owner="BuiltIn">
<arg>'${pet_name}' == '${name}'</arg>
<arg>Exit For Loop</arg>
<doc>Runs the given keyword with the given arguments, if ``condition`` is true.</doc>
<status status="PASS" start="2025-04-11T23:17:23.700055" elapsed="0.000080"/>
</kw>
<var name="${pet}">{'id': 9223372036854756270, 'category': {'id': 0, 'name': 'LUCKY'}, 'name': 'LUCKY', 'photoUrls': ['https://some-cool.url.com'], 'tags': [{'id': 0, 'name': 'pet-tag-12345'}], 'status': 'available'}</var>
<status status="PASS" start="2025-04-11T23:17:23.699878" elapsed="0.000279"/>
</iter>
<iter>
<kw name="Set Variable" owner="BuiltIn">
<msg time="2025-04-11T23:17:23.700312" level="INFO">${pet_name} = LUCKY</msg>
<var>${pet_name}</var>
<arg>${pet}[name]</arg>
<doc>Returns the given values which can then be assigned to a variables.</doc>
<status status="PASS" start="2025-04-11T23:17:23.700246" elapsed="0.000079"/>
</kw>
<kw name="Run Keyword If" owner="BuiltIn">
<arg>'${pet_name}' == '${name}'</arg>
<arg>Exit For Loop</arg>
<doc>Runs the given keyword with the given arguments, if ``condition`` is true.</doc>
<status status="PASS" start="2025-04-11T23:17:23.700379" elapsed="0.000076"/>
</kw>
<var name="${pet}">{'id': 9223372036854756271, 'category': {'id': 0, 'name': 'LUCKY'}, 'name': 'LUCKY', 'photoUrls': ['https://some-cool.url.com'], 'tags': [{'id': 0, 'name': 'pet-tag-12345'}], 'status': 'available'}</var>
<status status="PASS" start="2025-04-11T23:17:23.700205" elapsed="0.000269"/>
</iter>
<iter>
<kw name="Set Variable" owner="BuiltIn">
<msg time="2025-04-11T23:17:23.700639" level="INFO">${pet_name} = LUCKY</msg>
<var>${pet_name}</var>
<arg>${pet}[name]</arg>
<doc>Returns the given values which can then be assigned to a variables.</doc>
<status status="PASS" start="2025-04-11T23:17:23.700567" elapsed="0.000085"/>
</kw>
<kw name="Run Keyword If" owner="BuiltIn">
<arg>'${pet_name}' == '${name}'</arg>
<arg>Exit For Loop</arg>
<doc>Runs the given keyword with the given arguments, if ``condition`` is true.</doc>
<status status="PASS" start="2025-04-11T23:17:23.700708" elapsed="0.000086"/>
</kw>
<var name="${pet}">{'id': 9223372036854756272, 'category': {'id': 0, 'name': 'LUCKY'}, 'name': 'LUCKY', 'photoUrls': ['https://some-cool.url.com'], 'tags': [{'id': 0, 'name': 'pet-tag-12345'}], 'status': 'available'}</var>
<status status="PASS" start="2025-04-11T23:17:23.700524" elapsed="0.000402"/>
</iter>
<iter>
<kw name="Set Variable" owner="BuiltIn">
<msg time="2025-04-11T23:17:23.701127" level="INFO">${pet_name} = LUCKY</msg>
<var>${pet_name}</var>
<arg>${pet}[name]</arg>
<doc>Returns the given values which can then be assigned to a variables.</doc>
<status status="PASS" start="2025-04-11T23:17:23.701041" elapsed="0.000100"/>
</kw>
<kw name="Run Keyword If" owner="BuiltIn">
<arg>'${pet_name}' == '${name}'</arg>
<arg>Exit For Loop</arg>
<doc>Runs the given keyword with the given arguments, if ``condition`` is true.</doc>
<status status="PASS" start="2025-04-11T23:17:23.701199" elapsed="0.000176"/>
</kw>
<var name="${pet}">{'id': 9223372036854756273, 'category': {'id': 0, 'name': 'LUCKY'}, 'name': 'LUCKY', 'photoUrls': ['https://some-cool.url.com'], 'tags': [{'id': 0, 'name': 'pet-tag-12345'}], 'status': 'available'}</var>
<status status="PASS" start="2025-04-11T23:17:23.700988" elapsed="0.000427"/>
</iter>
<iter>
<kw name="Set Variable" owner="BuiltIn">
<msg time="2025-04-11T23:17:23.701633" level="INFO">${pet_name} = LUCKY</msg>
<var>${pet_name}</var>
<arg>${pet}[name]</arg>
<doc>Returns the given values which can then be assigned to a variables.</doc>
<status status="PASS" start="2025-04-11T23:17:23.701550" elapsed="0.000093"/>
</kw>
<kw name="Run Keyword If" owner="BuiltIn">
<arg>'${pet_name}' == '${name}'</arg>
<arg>Exit For Loop</arg>
<doc>Runs the given keyword with the given arguments, if ``condition`` is true.</doc>
<status status="PASS" start="2025-04-11T23:17:23.701683" elapsed="0.000071"/>
</kw>
<var name="${pet}">{'id': 9223372036854756274, 'category': {'id': 0, 'name': 'LUCKY'}, 'name': 'LUCKY', 'photoUrls': ['https://some-cool.url.com'], 'tags': [{'id': 0, 'name': 'pet-tag-12345'}], 'status': 'available'}</var>
<status status="PASS" start="2025-04-11T23:17:23.701485" elapsed="0.000284"/>
</iter>
<iter>
<kw name="Set Variable" owner="BuiltIn">
<msg time="2025-04-11T23:17:23.701864" level="INFO">${pet_name} = LUCKY</msg>
<var>${pet_name}</var>
<arg>${pet}[name]</arg>
<doc>Returns the given values which can then be assigned to a variables.</doc>
<status status="PASS" start="2025-04-11T23:17:23.701822" elapsed="0.000048"/>
</kw>
<kw name="Run Keyword If" owner="BuiltIn">
<arg>'${pet_name}' == '${name}'</arg>
<arg>Exit For Loop</arg>
<doc>Runs the given keyword with the given arguments, if ``condition`` is true.</doc>
<status status="PASS" start="2025-04-11T23:17:23.701907" elapsed="0.000105"/>
</kw>
<var name="${pet}">{'id': 9223372036854756275, 'category': {'id': 0, 'name': 'LUCKY'}, 'name': 'LUCKY', 'photoUrls': ['https://some-cool.url.com'], 'tags': [{'id': 0, 'name': 'pet-tag-12345'}], 'status': 'available'}</var>
<status status="PASS" start="2025-04-11T23:17:23.701798" elapsed="0.000243"/>
</iter>
<iter>
<kw name="Set Variable" owner="BuiltIn">
<msg time="2025-04-11T23:17:23.702465" level="INFO">${pet_name} = LUCKY</msg>
<var>${pet_name}</var>
<arg>${pet}[name]</arg>
<doc>Returns the given values which can then be assigned to a variables.</doc>
<status status="PASS" start="2025-04-11T23:17:23.702172" elapsed="0.000317"/>
</kw>
<kw name="Run Keyword If" owner="BuiltIn">
<arg>'${pet_name}' == '${name}'</arg>
<arg>Exit For Loop</arg>
<doc>Runs the given keyword with the given arguments, if ``condition`` is true.</doc>
<status status="PASS" start="2025-04-11T23:17:23.702616" elapsed="0.000129"/>
</kw>
<var name="${pet}">{'id': 9223372036854756276, 'category': {'id': 0, 'name': 'LUCKY'}, 'name': 'LUCKY', 'photoUrls': ['https://some-cool.url.com'], 'tags': [{'id': 0, 'name': 'pet-tag-12345'}], 'status': 'available'}</var>
<status status="PASS" start="2025-04-11T23:17:23.702111" elapsed="0.000660"/>
</iter>
<iter>
<kw name="Set Variable" owner="BuiltIn">
<msg time="2025-04-11T23:17:23.703000" level="INFO">${pet_name} = LUCKY</msg>
<var>${pet_name}</var>
<arg>${pet}[name]</arg>
<doc>Returns the given values which can then be assigned to a variables.</doc>
<status status="PASS" start="2025-04-11T23:17:23.702894" elapsed="0.000124"/>
</kw>
<kw name="Run Keyword If" owner="BuiltIn">
<arg>'${pet_name}' == '${name}'</arg>
<arg>Exit For Loop</arg>
<doc>Runs the given keyword with the given arguments, if ``condition`` is true.</doc>
<status status="PASS" start="2025-04-11T23:17:23.703094" elapsed="0.000105"/>
</kw>
<var name="${pet}">{'id': 9223372036854756277, 'category': {'id': 0, 'name': 'LUCKY'}, 'name': 'LUCKY', 'photoUrls': ['https://some-cool.url.com'], 'tags': [{'id': 0, 'name': 'pet-tag-12345'}], 'status': 'available'}</var>
<status status="PASS" start="2025-04-11T23:17:23.702837" elapsed="0.000388"/>
</iter>
<iter>
<kw name="Set Variable" owner="BuiltIn">
<msg time="2025-04-11T23:17:23.703444" level="INFO">${pet_name} = LUCKY</msg>
<var>${pet_name}</var>
<arg>${pet}[name]</arg>
<doc>Returns the given values which can then be assigned to a variables.</doc>
<status status="PASS" start="2025-04-11T23:17:23.703345" elapsed="0.000117"/>
</kw>
<kw name="Run Keyword If" owner="BuiltIn">
<arg>'${pet_name}' == '${name}'</arg>
<arg>Exit For Loop</arg>
<doc>Runs the given keyword with the given arguments, if ``condition`` is true.</doc>
<status status="PASS" start="2025-04-11T23:17:23.703539" elapsed="0.000105"/>
</kw>
<var name="${pet}">{'id': 9223372036854756278, 'category': {'id': 0, 'name': 'LUCKY'}, 'name': 'LUCKY', 'photoUrls': ['https://some-cool.url.com'], 'tags': [{'id': 0, 'name': 'pet-tag-12345'}], 'status': 'available'}</var>
<status status="PASS" start="2025-04-11T23:17:23.703289" elapsed="0.000379"/>
</iter>
<iter>
<kw name="Set Variable" owner="BuiltIn">
<msg time="2025-04-11T23:17:23.703890" level="INFO">${pet_name} = LUCKY</msg>
<var>${pet_name}</var>
<arg>${pet}[name]</arg>
<doc>Returns the given values which can then be assigned to a variables.</doc>
<status status="PASS" start="2025-04-11T23:17:23.703789" elapsed="0.000118"/>
</kw>
<kw name="Run Keyword If" owner="BuiltIn">
<arg>'${pet_name}' == '${name}'</arg>
<arg>Exit For Loop</arg>
<doc>Runs the given keyword with the given arguments, if ``condition`` is true.</doc>
<status status="PASS" start="2025-04-11T23:17:23.703981" elapsed="0.000106"/>
</kw>
<var name="${pet}">{'id': 9223372036854756279, 'category': {'id': 0, 'name': 'LUCKY'}, 'name': 'LUCKY', 'photoUrls': ['https://some-cool.url.com'], 'tags': [{'id': 0, 'name': 'pet-tag-12345'}], 'status': 'available'}</var>
<status status="PASS" start="2025-04-11T23:17:23.703732" elapsed="0.000381"/>
</iter>
<iter>
<kw name="Set Variable" owner="BuiltIn">
<msg time="2025-04-11T23:17:23.704336" level="INFO">${pet_name} = LUCKY</msg>
<var>${pet_name}</var>
<arg>${pet}[name]</arg>
<doc>Returns the given values which can then be assigned to a variables.</doc>
<status status="PASS" start="2025-04-11T23:17:23.704231" elapsed="0.000122"/>
</kw>
<kw name="Run Keyword If" owner="BuiltIn">
<arg>'${pet_name}' == '${name}'</arg>
<arg>Exit For Loop</arg>
<doc>Runs the given keyword with the given arguments, if ``condition`` is true.</doc>
<status status="PASS" start="2025-04-11T23:17:23.704435" elapsed="0.000109"/>
</kw>
<var name="${pet}">{'id': 9223372036854756280, 'category': {'id': 0, 'name': 'LUCKY'}, 'name': 'LUCKY', 'photoUrls': ['https://some-cool.url.com'], 'tags': [{'id': 0, 'name': 'pet-tag-12345'}], 'status': 'available'}</var>
<status status="PASS" start="2025-04-11T23:17:23.704175" elapsed="0.000395"/>
</iter>
<iter>
<kw name="Set Variable" owner="BuiltIn">
<msg time="2025-04-11T23:17:23.704793" level="INFO">${pet_name} = LUCKY</msg>
<var>${pet_name}</var>
<arg>${pet}[name]</arg>
<doc>Returns the given values which can then be assigned to a variables.</doc>
<status status="PASS" start="2025-04-11T23:17:23.704693" elapsed="0.000118"/>
</kw>
<kw name="Run Keyword If" owner="BuiltIn">
<arg>'${pet_name}' == '${name}'</arg>
<arg>Exit For Loop</arg>
<doc>Runs the given keyword with the given arguments, if ``condition`` is true.</doc>
<status status="PASS" start="2025-04-11T23:17:23.704888" elapsed="0.000165"/>
</kw>
<var name="${pet}">{'id': 9223372036854756282, 'category': {'id': 0, 'name': 'LUCKY'}, 'name': 'LUCKY', 'photoUrls': ['https://some-cool.url.com'], 'tags': [{'id': 0, 'name': 'pet-tag-12345'}], 'status': 'available'}</var>
<status status="PASS" start="2025-04-11T23:17:23.704635" elapsed="0.000446"/>
</iter>
<iter>
<kw name="Set Variable" owner="BuiltIn">
<msg time="2025-04-11T23:17:23.705302" level="INFO">${pet_name} = Puff</msg>
<var>${pet_name}</var>
<arg>${pet}[name]</arg>
<doc>Returns the given values which can then be assigned to a variables.</doc>
<status status="PASS" start="2025-04-11T23:17:23.705201" elapsed="0.000116"/>
</kw>
<kw name="Run Keyword If" owner="BuiltIn">
<arg>'${pet_name}' == '${name}'</arg>
<arg>Exit For Loop</arg>
<doc>Runs the given keyword with the given arguments, if ``condition`` is true.</doc>
<status status="PASS" start="2025-04-11T23:17:23.705383" elapsed="0.000087"/>
</kw>
<var name="${pet}">{'id': 9223372036854756285, 'category': {'id': 0, 'name': 'string'}, 'name': 'Puff', 'photoUrls': ['string'], 'tags': [{'id': 0, 'name': 'string'}], 'status': 'available'}</var>
<status status="PASS" start="2025-04-11T23:17:23.705145" elapsed="0.000348"/>
</iter>
<iter>
<kw name="Set Variable" owner="BuiltIn">
<msg time="2025-04-11T23:17:23.705676" level="INFO">${pet_name} = Guru</msg>
<var>${pet_name}</var>
<arg>${pet}[name]</arg>
<doc>Returns the given values which can then be assigned to a variables.</doc>
<status status="PASS" start="2025-04-11T23:17:23.705594" elapsed="0.000096"/>
</kw>
<kw name="Run Keyword If" owner="BuiltIn">
<arg>'${pet_name}' == '${name}'</arg>
<arg>Exit For Loop</arg>
<doc>Runs the given keyword with the given arguments, if ``condition`` is true.</doc>
<status status="PASS" start="2025-04-11T23:17:23.705754" elapsed="0.000093"/>
</kw>
<var name="${pet}">{'id': 9223372036854756286, 'category': {'id': 0, 'name': 'string'}, 'name': 'Guru', 'photoUrls': ['string'], 'tags': [{'id': 0, 'name': 'string'}], 'status': 'available'}</var>
<status status="PASS" start="2025-04-11T23:17:23.705546" elapsed="0.000322"/>
</iter>
<iter>
<kw name="Set Variable" owner="BuiltIn">
<msg time="2025-04-11T23:17:23.706054" level="INFO">${pet_name} = Guru</msg>
<var>${pet_name}</var>
<arg>${pet}[name]</arg>
<doc>Returns the given values which can then be assigned to a variables.</doc>
<status status="PASS" start="2025-04-11T23:17:23.705968" elapsed="0.000100"/>
</kw>
<kw name="Run Keyword If" owner="BuiltIn">
<arg>'${pet_name}' == '${name}'</arg>
<arg>Exit For Loop</arg>
<doc>Runs the given keyword with the given arguments, if ``condition`` is true.</doc>
<status status="PASS" start="2025-04-11T23:17:23.706129" elapsed="0.000089"/>
</kw>
<var name="${pet}">{'id': 9223372036854756289, 'category': {'id': 0, 'name': 'string'}, 'name': 'Guru', 'photoUrls': ['string'], 'tags': [{'id': 0, 'name': 'string'}], 'status': 'available'}</var>
<status status="PASS" start="2025-04-11T23:17:23.705921" elapsed="0.000320"/>
</iter>
<iter>
<kw name="Set Variable" owner="BuiltIn">
<msg time="2025-04-11T23:17:23.706426" level="INFO">${pet_name} = Kosima</msg>
<var>${pet_name}</var>
<arg>${pet}[name]</arg>
<doc>Returns the given values which can then be assigned to a variables.</doc>
<status status="PASS" start="2025-04-11T23:17:23.706339" elapsed="0.000102"/>
</kw>
<kw name="Run Keyword If" owner="BuiltIn">
<arg>'${pet_name}' == '${name}'</arg>
<arg>Exit For Loop</arg>
<doc>Runs the given keyword with the given arguments, if ``condition`` is true.</doc>
<status status="PASS" start="2025-04-11T23:17:23.706508" elapsed="0.000086"/>
</kw>
<var name="${pet}">{'id': 9223372036854756290, 'category': {'id': 0, 'name': 'string'}, 'name': 'Kosima', 'photoUrls': ['string'], 'tags': [{'id': 0}], 'status': 'available'}</var>
<status status="PASS" start="2025-04-11T23:17:23.706292" elapsed="0.000324"/>
</iter>
<iter>
<kw name="Set Variable" owner="BuiltIn">
<msg time="2025-04-11T23:17:23.706798" level="INFO">${pet_name} = Guru</msg>
<var>${pet_name}</var>
<arg>${pet}[name]</arg>
<doc>Returns the given values which can then be assigned to a variables.</doc>
<status status="PASS" start="2025-04-11T23:17:23.706715" elapsed="0.000098"/>
</kw>
<kw name="Run Keyword If" owner="BuiltIn">
<arg>'${pet_name}' == '${name}'</arg>
<arg>Exit For Loop</arg>
<doc>Runs the given keyword with the given arguments, if ``condition`` is true.</doc>
<status status="PASS" start="2025-04-11T23:17:23.706876" elapsed="0.000087"/>
</kw>
<var name="${pet}">{'id': 9223372036854756293, 'category': {'id': 0, 'name': 'string'}, 'name': 'Guru', 'photoUrls': ['string'], 'tags': [{'id': 0, 'name': 'string'}], 'status': 'available'}</var>
<status status="PASS" start="2025-04-11T23:17:23.706669" elapsed="0.000314"/>
</iter>
<iter>
<kw name="Set Variable" owner="BuiltIn">
<msg time="2025-04-11T23:17:23.707165" level="INFO">${pet_name} = fish</msg>
<var>${pet_name}</var>
<arg>${pet}[name]</arg>
<doc>Returns the given values which can then be assigned to a variables.</doc>
<status status="PASS" start="2025-04-11T23:17:23.707080" elapsed="0.000099"/>
</kw>
<kw name="Run Keyword If" owner="BuiltIn">
<arg>'${pet_name}' == '${name}'</arg>
<arg>Exit For Loop</arg>
<doc>Runs the given keyword with the given arguments, if ``condition`` is true.</doc>
<status status="PASS" start="2025-04-11T23:17:23.707253" elapsed="0.000163"/>
</kw>
<var name="${pet}">{'id': 9223372036854756296, 'category': {'id': 0, 'name': 'string'}, 'name': 'fish', 'photoUrls': ['string'], 'tags': [{'id': 0, 'name': 'string'}], 'status': 'available'}</var>
<status status="PASS" start="2025-04-11T23:17:23.707034" elapsed="0.000406"/>
</iter>
<iter>
<kw name="Set Variable" owner="BuiltIn">
<msg time="2025-04-11T23:17:23.707635" level="INFO">${pet_name} = AXUMXYJUWQ</msg>
<var>${pet_name}</var>
<arg>${pet}[name]</arg>
<doc>Returns the given values which can then be assigned to a variables.</doc>
<status status="PASS" start="2025-04-11T23:17:23.707552" elapsed="0.000098"/>
</kw>
<kw name="Run Keyword If" owner="BuiltIn">
<arg>'${pet_name}' == '${name}'</arg>
<arg>Exit For Loop</arg>
<doc>Runs the given keyword with the given arguments, if ``condition`` is true.</doc>
<status status="PASS" start="2025-04-11T23:17:23.707716" elapsed="0.000086"/>
</kw>
<var name="${pet}">{'id': 9223372036854756297, 'category': {'id': 0, 'name': 'string'}, 'name': 'AXUMXYJUWQ', 'photoUrls': ['string'], 'tags': [], 'status': 'available'}</var>
<status status="PASS" start="2025-04-11T23:17:23.707491" elapsed="0.000332"/>
</iter>
<iter>
<kw name="Set Variable" owner="BuiltIn">
<msg time="2025-04-11T23:17:23.708010" level="INFO">${pet_name} = fish</msg>
<var>${pet_name}</var>
<arg>${pet}[name]</arg>
<doc>Returns the given values which can then be assigned to a variables.</doc>
<status status="PASS" start="2025-04-11T23:17:23.707924" elapsed="0.000101"/>
</kw>
<kw name="Run Keyword If" owner="BuiltIn">
<arg>'${pet_name}' == '${name}'</arg>
<arg>Exit For Loop</arg>
<doc>Runs the given keyword with the given arguments, if ``condition`` is true.</doc>
<status status="PASS" start="2025-04-11T23:17:23.708087" elapsed="0.000088"/>
</kw>
<var name="${pet}">{'id': 9223372036854756298, 'category': {'id': 0, 'name': 'string'}, 'name': 'fish', 'photoUrls': ['string'], 'tags': [{'id': 0, 'name': 'string'}], 'status': 'available'}</var>
<status status="PASS" start="2025-04-11T23:17:23.707875" elapsed="0.000323"/>
</iter>
<iter>
<kw name="Set Variable" owner="BuiltIn">
<msg time="2025-04-11T23:17:23.708385" level="INFO">${pet_name} = doggie</msg>
<var>${pet_name}</var>
<arg>${pet}[name]</arg>
<doc>Returns the given values which can then be assigned to a variables.</doc>
<status status="PASS" start="2025-04-11T23:17:23.708299" elapsed="0.000101"/>
</kw>
<kw name="Run Keyword If" owner="BuiltIn">
<arg>'${pet_name}' == '${name}'</arg>
<arg>Exit For Loop</arg>
<doc>Runs the given keyword with the given arguments, if ``condition`` is true.</doc>
<status status="PASS" start="2025-04-11T23:17:23.708462" elapsed="0.000088"/>
</kw>
<var name="${pet}">{'id': 12, 'category': {'id': 1, 'name': 'string'}, 'name': 'doggie', 'photoUrls': ['string'], 'tags': [{'id': 1, 'name': 'string'}], 'status': 'available'}</var>
<status status="PASS" start="2025-04-11T23:17:23.708251" elapsed="0.000344"/>
</iter>
<iter>
<kw name="Set Variable" owner="BuiltIn">
<msg time="2025-04-11T23:17:23.708786" level="INFO">${pet_name} = doggie</msg>
<var>${pet_name}</var>
<arg>${pet}[name]</arg>
<doc>Returns the given values which can then be assigned to a variables.</doc>
<status status="PASS" start="2025-04-11T23:17:23.708699" elapsed="0.000101"/>
</kw>
<kw name="Run Keyword If" owner="BuiltIn">
<arg>'${pet_name}' == '${name}'</arg>
<arg>Exit For Loop</arg>
<doc>Runs the given keyword with the given arguments, if ``condition`` is true.</doc>
<status status="PASS" start="2025-04-11T23:17:23.708863" elapsed="0.000089"/>
</kw>
<var name="${pet}">{'id': 9223372036854756299, 'category': {'id': 0, 'name': 'string'}, 'name': 'doggie', 'photoUrls': ['string'], 'tags': [{'id': 0, 'name': 'sexy'}], 'status': 'available'}</var>
<status status="PASS" start="2025-04-11T23:17:23.708652" elapsed="0.000322"/>
</iter>
<iter>
<kw name="Set Variable" owner="BuiltIn">
<msg time="2025-04-11T23:17:23.709163" level="INFO">${pet_name} = Guru</msg>
<var>${pet_name}</var>
<arg>${pet}[name]</arg>
<doc>Returns the given values which can then be assigned to a variables.</doc>
<status status="PASS" start="2025-04-11T23:17:23.709073" elapsed="0.000104"/>
</kw>
<kw name="Run Keyword If" owner="BuiltIn">
<arg>'${pet_name}' == '${name}'</arg>
<arg>Exit For Loop</arg>
<doc>Runs the given keyword with the given arguments, if ``condition`` is true.</doc>
<status status="PASS" start="2025-04-11T23:17:23.709241" elapsed="0.000085"/>
</kw>
<var name="${pet}">{'id': 9223372036854756306, 'category': {'id': 0, 'name': 'string'}, 'name': 'Guru', 'photoUrls': ['string'], 'tags': [{'id': 0, 'name': 'string'}], 'status': 'available'}</var>
<status status="PASS" start="2025-04-11T23:17:23.709025" elapsed="0.000323"/>
</iter>
<iter>
<kw name="Set Variable" owner="BuiltIn">
<msg time="2025-04-11T23:17:23.709541" level="INFO">${pet_name} = КИРИЛЛИЦА</msg>
<var>${pet_name}</var>
<arg>${pet}[name]</arg>
<doc>Returns the given values which can then be assigned to a variables.</doc>
<status status="PASS" start="2025-04-11T23:17:23.709458" elapsed="0.000100"/>
</kw>
<kw name="Run Keyword If" owner="BuiltIn">
<arg>'${pet_name}' == '${name}'</arg>
<arg>Exit For Loop</arg>
<doc>Runs the given keyword with the given arguments, if ``condition`` is true.</doc>
<status status="PASS" start="2025-04-11T23:17:23.709623" elapsed="0.000089"/>
</kw>
<var name="${pet}">{'id': 475, 'category': {'id': 761, 'name': 'РЫБЫ'}, 'name': 'КИРИЛЛИЦА', 'photoUrls': ['string', 'хуяка'], 'tags': [{'id': 212, 'name': 'чмоня'}, {'id': 213, 'name': 'чупакабра'}], 'status': 'availab...</var>
<status status="PASS" start="2025-04-11T23:17:23.709411" elapsed="0.000321"/>
</iter>
<iter>
<kw name="Set Variable" owner="BuiltIn">
<msg time="2025-04-11T23:17:23.709916" level="INFO">${pet_name} = Guru</msg>
<var>${pet_name}</var>
<arg>${pet}[name]</arg>
<doc>Returns the given values which can then be assigned to a variables.</doc>
<status status="PASS" start="2025-04-11T23:17:23.709832" elapsed="0.000098"/>
</kw>
<kw name="Run Keyword If" owner="BuiltIn">
<arg>'${pet_name}' == '${name}'</arg>
<arg>Exit For Loop</arg>
<doc>Runs the given keyword with the given arguments, if ``condition`` is true.</doc>
<status status="PASS" start="2025-04-11T23:17:23.709993" elapsed="0.000086"/>
</kw>
<var name="${pet}">{'id': 9223372036854756307, 'category': {'id': 0, 'name': 'string'}, 'name': 'Guru', 'photoUrls': ['string'], 'tags': [{'id': 0, 'name': 'string'}], 'status': 'available'}</var>
<status status="PASS" start="2025-04-11T23:17:23.709786" elapsed="0.000315"/>
</iter>
<iter>
<kw name="Set Variable" owner="BuiltIn">
<msg time="2025-04-11T23:17:23.710276" level="INFO">${pet_name} = doggie</msg>
<var>${pet_name}</var>
<arg>${pet}[name]</arg>
<doc>Returns the given values which can then be assigned to a variables.</doc>
<status status="PASS" start="2025-04-11T23:17:23.710198" elapsed="0.000092"/>
</kw>
<kw name="Run Keyword If" owner="BuiltIn">
<arg>'${pet_name}' == '${name}'</arg>
<arg>Exit For Loop</arg>
<doc>Runs the given keyword with the given arguments, if ``condition`` is true.</doc>
<status status="PASS" start="2025-04-11T23:17:23.710352" elapsed="0.000085"/>
</kw>
<var name="${pet}">{'id': 9223372036854756312, 'category': {'id': 0, 'name': 'string'}, 'name': 'doggie', 'photoUrls': ['string'], 'tags': [{'id': 0, 'name': 'string'}], 'status': 'available'}</var>
<status status="PASS" start="2025-04-11T23:17:23.710151" elapsed="0.000306"/>
</iter>
<iter>
<kw name="Set Variable" owner="BuiltIn">
<msg time="2025-04-11T23:17:23.710641" level="INFO">${pet_name} = Guru</msg>
<var>${pet_name}</var>
<arg>${pet}[name]</arg>
<doc>Returns the given values which can then be assigned to a variables.</doc>
<status status="PASS" start="2025-04-11T23:17:23.710556" elapsed="0.000100"/>
</kw>
<kw name="Run Keyword If" owner="BuiltIn">
<arg>'${pet_name}' == '${name}'</arg>
<arg>Exit For Loop</arg>
<doc>Runs the given keyword with the given arguments, if ``condition`` is true.</doc>
<status status="PASS" start="2025-04-11T23:17:23.710718" elapsed="0.000088"/>
</kw>
<var name="${pet}">{'id': 9223372036854756314, 'category': {'id': 0, 'name': 'string'}, 'name': 'Guru', 'photoUrls': ['string'], 'tags': [{'id': 0, 'name': 'string'}], 'status': 'available'}</var>
<status status="PASS" start="2025-04-11T23:17:23.710508" elapsed="0.000320"/>
</iter>
<iter>
<kw name="Set Variable" owner="BuiltIn">
<msg time="2025-04-11T23:17:23.711035" level="INFO">${pet_name} = doggie</msg>
<var>${pet_name}</var>
<arg>${pet}[name]</arg>
<doc>Returns the given values which can then be assigned to a variables.</doc>
<status status="PASS" start="2025-04-11T23:17:23.710946" elapsed="0.000104"/>
</kw>
<kw name="Run Keyword If" owner="BuiltIn">
<arg>'${pet_name}' == '${name}'</arg>
<arg>Exit For Loop</arg>
<doc>Runs the given keyword with the given arguments, if ``condition`` is true.</doc>
<status status="PASS" start="2025-04-11T23:17:23.711114" elapsed="0.000089"/>
</kw>
<var name="${pet}">{'id': 9223372036854756316, 'category': {'id': 0, 'name': 'string'}, 'name': 'doggie', 'photoUrls': ['string'], 'tags': [{'id': 0, 'name': 'string'}], 'status': 'available'}</var>
<status status="PASS" start="2025-04-11T23:17:23.710893" elapsed="0.000329"/>
</iter>
<iter>
<kw name="Set Variable" owner="BuiltIn">
<msg time="2025-04-11T23:17:23.711398" level="INFO">${pet_name} = doggie</msg>
<var>${pet_name}</var>
<arg>${pet}[name]</arg>
<doc>Returns the given values which can then be assigned to a variables.</doc>
<status status="PASS" start="2025-04-11T23:17:23.711320" elapsed="0.000089"/>
</kw>
<kw name="Run Keyword If" owner="BuiltIn">
<arg>'${pet_name}' == '${name}'</arg>
<arg>Exit For Loop</arg>
<doc>Runs the given keyword with the given arguments, if ``condition`` is true.</doc>
<status status="PASS" start="2025-04-11T23:17:23.711467" elapsed="0.000079"/>
</kw>
<var name="${pet}">{'id': 9223372036854756324, 'category': {'id': 0, 'name': 'string'}, 'name': 'doggie', 'photoUrls': ['string'], 'tags': [{'id': 0, 'name': 'string'}], 'status': 'available'}</var>
<status status="PASS" start="2025-04-11T23:17:23.711279" elapsed="0.000284"/>
</iter>
<iter>
<kw name="Set Variable" owner="BuiltIn">
<msg time="2025-04-11T23:17:23.711723" level="INFO">${pet_name} = КИРИЛЛИЦА</msg>
<var>${pet_name}</var>
<arg>${pet}[name]</arg>
<doc>Returns the given values which can then be assigned to a variables.</doc>
<status status="PASS" start="2025-04-11T23:17:23.711650" elapsed="0.000087"/>
</kw>
<kw name="Run Keyword If" owner="BuiltIn">
<arg>'${pet_name}' == '${name}'</arg>
<arg>Exit For Loop</arg>
<doc>Runs the given keyword with the given arguments, if ``condition`` is true.</doc>
<status status="PASS" start="2025-04-11T23:17:23.711790" elapsed="0.000074"/>
</kw>
<var name="${pet}">{'id': 474, 'category': {'id': 476, 'name': 'РЫБЫ'}, 'name': 'КИРИЛЛИЦА', 'photoUrls': ['string', 'хуяка'], 'tags': [{'id': 478, 'name': 'чмоня'}, {'id': 481, 'name': 'чупакабра'}], 'status': 'availab...</var>
<status status="PASS" start="2025-04-11T23:17:23.711609" elapsed="0.000294"/>
</iter>
<iter>
<kw name="Set Variable" owner="BuiltIn">
<msg time="2025-04-11T23:17:23.712065" level="INFO">${pet_name} = Kosima</msg>
<var>${pet_name}</var>
<arg>${pet}[name]</arg>
<doc>Returns the given values which can then be assigned to a variables.</doc>
<status status="PASS" start="2025-04-11T23:17:23.711993" elapsed="0.000086"/>
</kw>
<kw name="Run Keyword If" owner="BuiltIn">
<arg>'${pet_name}' == '${name}'</arg>
<arg>Exit For Loop</arg>
<doc>Runs the given keyword with the given arguments, if ``condition`` is true.</doc>
<status status="PASS" start="2025-04-11T23:17:23.712134" elapsed="0.000078"/>
</kw>
<var name="${pet}">{'id': 9223372036854756326, 'category': {'id': 0, 'name': 'string'}, 'name': 'Kosima', 'photoUrls': ['string'], 'tags': [{'id': 0}], 'status': 'available'}</var>
<status status="PASS" start="2025-04-11T23:17:23.711953" elapsed="0.000277"/>
</iter>
<iter>
<kw name="Set Variable" owner="BuiltIn">
<msg time="2025-04-11T23:17:23.712388" level="INFO">${pet_name} = fish</msg>
<var>${pet_name}</var>
<arg>${pet}[name]</arg>
<doc>Returns the given values which can then be assigned to a variables.</doc>
<status status="PASS" start="2025-04-11T23:17:23.712316" elapsed="0.000085"/>
</kw>
<kw name="Run Keyword If" owner="BuiltIn">
<arg>'${pet_name}' == '${name}'</arg>
<arg>Exit For Loop</arg>
<doc>Runs the given keyword with the given arguments, if ``condition`` is true.</doc>
<status status="PASS" start="2025-04-11T23:17:23.712455" elapsed="0.000076"/>
</kw>
<var name="${pet}">{'id': 9223372036854756327, 'category': {'id': 0, 'name': 'string'}, 'name': 'fish', 'photoUrls': ['string'], 'tags': [{'id': 0, 'name': 'string'}], 'status': 'available'}</var>
<status status="PASS" start="2025-04-11T23:17:23.712274" elapsed="0.000278"/>
</iter>
<iter>
<kw name="Set Variable" owner="BuiltIn">
<msg time="2025-04-11T23:17:23.712882" level="INFO">${pet_name} = Guru</msg>
<var>${pet_name}</var>
<arg>${pet}[name]</arg>
<doc>Returns the given values which can then be assigned to a variables.</doc>
<status status="PASS" start="2025-04-11T23:17:23.712672" elapsed="0.000232"/>
</kw>
<kw name="Run Keyword If" owner="BuiltIn">
<arg>'${pet_name}' == '${name}'</arg>
<arg>Exit For Loop</arg>
<doc>Runs the given keyword with the given arguments, if ``condition`` is true.</doc>
<status status="PASS" start="2025-04-11T23:17:23.712991" elapsed="0.000127"/>
</kw>
<var name="${pet}">{'id': 9223372036854756328, 'category': {'id': 0, 'name': 'string'}, 'name': 'Guru', 'photoUrls': ['string'], 'tags': [{'id': 0, 'name': 'string'}], 'status': 'available'}</var>
<status status="PASS" start="2025-04-11T23:17:23.712596" elapsed="0.000549"/>
</iter>
<iter>
<kw name="Set Variable" owner="BuiltIn">
<msg time="2025-04-11T23:17:23.713351" level="INFO">${pet_name} = Guru</msg>
<var>${pet_name}</var>
<arg>${pet}[name]</arg>
<doc>Returns the given values which can then be assigned to a variables.</doc>
<status status="PASS" start="2025-04-11T23:17:23.713263" elapsed="0.000102"/>
</kw>
<kw name="Run Keyword If" owner="BuiltIn">
<arg>'${pet_name}' == '${name}'</arg>
<arg>Exit For Loop</arg>
<doc>Runs the given keyword with the given arguments, if ``condition`` is true.</doc>
<status status="PASS" start="2025-04-11T23:17:23.713442" elapsed="0.000379"/>
</kw>
<var name="${pet}">{'id': 9223372036854756335, 'category': {'id': 0, 'name': 'string'}, 'name': 'Guru', 'photoUrls': ['string'], 'tags': [{'id': 0, 'name': 'string'}], 'status': 'available'}</var>
<status status="PASS" start="2025-04-11T23:17:23.713210" elapsed="0.000635"/>
</iter>
<iter>
<kw name="Set Variable" owner="BuiltIn">
<msg time="2025-04-11T23:17:23.714027" level="INFO">${pet_name} = testpes</msg>
<var>${pet_name}</var>
<arg>${pet}[name]</arg>
<doc>Returns the given values which can then be assigned to a variables.</doc>
<status status="PASS" start="2025-04-11T23:17:23.713945" elapsed="0.000096"/>
</kw>
<kw name="Run Keyword If" owner="BuiltIn">
<arg>'${pet_name}' == '${name}'</arg>
<arg>Exit For Loop</arg>
<doc>Runs the given keyword with the given arguments, if ``condition`` is true.</doc>
<status status="PASS" start="2025-04-11T23:17:23.714100" elapsed="0.000087"/>
</kw>
<var name="${pet}">{'id': 999, 'category': {'id': 999, 'name': 'test'}, 'name': 'testpes', 'photoUrls': ['string'], 'tags': [{'id': 999, 'name': 'doggs'}], 'status': 'available'}</var>
<status status="PASS" start="2025-04-11T23:17:23.713899" elapsed="0.000309"/>
</iter>
<iter>
<kw name="Set Variable" owner="BuiltIn">
<msg time="2025-04-11T23:17:23.714373" level="INFO">${pet_name} = Doggie</msg>
<var>${pet_name}</var>
<arg>${pet}[name]</arg>
<doc>Returns the given values which can then be assigned to a variables.</doc>
<status status="PASS" start="2025-04-11T23:17:23.714299" elapsed="0.000087"/>
</kw>
<kw name="Run Keyword If" owner="BuiltIn">
<arg>'${pet_name}' == '${name}'</arg>
<arg>Exit For Loop</arg>
<doc>Runs the given keyword with the given arguments, if ``condition`` is true.</doc>
<status status="PASS" start="2025-04-11T23:17:23.714442" elapsed="0.000085"/>
</kw>
<var name="${pet}">{'id': 9223372036854756338, 'category': {'id': 0, 'name': 'string'}, 'name': 'Doggie', 'photoUrls': ['string'], 'tags': [{'id': 0, 'name': 'string'}], 'status': 'available'}</var>
<status status="PASS" start="2025-04-11T23:17:23.714256" elapsed="0.000289"/>
</iter>
<iter>
<kw name="Set Variable" owner="BuiltIn">
<msg time="2025-04-11T23:17:23.714708" level="INFO">${pet_name} = Guru</msg>
<var>${pet_name}</var>
<arg>${pet}[name]</arg>
<doc>Returns the given values which can then be assigned to a variables.</doc>
<status status="PASS" start="2025-04-11T23:17:23.714632" elapsed="0.000089"/>
</kw>
<kw name="Run Keyword If" owner="BuiltIn">
<arg>'${pet_name}' == '${name}'</arg>
<arg>Exit For Loop</arg>
<doc>Runs the given keyword with the given arguments, if ``condition`` is true.</doc>
<status status="PASS" start="2025-04-11T23:17:23.714777" elapsed="0.000078"/>
</kw>
<var name="${pet}">{'id': 9223372036854756339, 'category': {'id': 0, 'name': 'string'}, 'name': 'Guru', 'photoUrls': ['string'], 'tags': [{'id': 0, 'name': 'string'}], 'status': 'available'}</var>
<status status="PASS" start="2025-04-11T23:17:23.714591" elapsed="0.000284"/>
</iter>
<iter>
<kw name="Set Variable" owner="BuiltIn">
<msg time="2025-04-11T23:17:23.715035" level="INFO">${pet_name} = fish</msg>
<var>${pet_name}</var>
<arg>${pet}[name]</arg>
<doc>Returns the given values which can then be assigned to a variables.</doc>
<status status="PASS" start="2025-04-11T23:17:23.714963" elapsed="0.000085"/>
</kw>
<kw name="Run Keyword If" owner="BuiltIn">
<arg>'${pet_name}' == '${name}'</arg>
<arg>Exit For Loop</arg>
<doc>Runs the given keyword with the given arguments, if ``condition`` is true.</doc>
<status status="PASS" start="2025-04-11T23:17:23.715107" elapsed="0.000081"/>
</kw>
<var name="${pet}">{'id': 9223372036854756340, 'category': {'id': 0, 'name': 'string'}, 'name': 'fish', 'photoUrls': ['string'], 'tags': [{'id': 0, 'name': 'string'}], 'status': 'available'}</var>
<status status="PASS" start="2025-04-11T23:17:23.714921" elapsed="0.000286"/>
</iter>
<iter>
<kw name="Set Variable" owner="BuiltIn">
<msg time="2025-04-11T23:17:23.715369" level="INFO">${pet_name} = fish</msg>
<var>${pet_name}</var>
<arg>${pet}[name]</arg>
<doc>Returns the given values which can then be assigned to a variables.</doc>
<status status="PASS" start="2025-04-11T23:17:23.715293" elapsed="0.000089"/>
</kw>
<kw name="Run Keyword If" owner="BuiltIn">
<arg>'${pet_name}' == '${name}'</arg>
<arg>Exit For Loop</arg>
<doc>Runs the given keyword with the given arguments, if ``condition`` is true.</doc>
<status status="PASS" start="2025-04-11T23:17:23.715439" elapsed="0.000097"/>
</kw>
<var name="${pet}">{'id': 9223372036854756341, 'category': {'id': 0, 'name': 'string'}, 'name': 'fish', 'photoUrls': ['string'], 'tags': [{'id': 0, 'name': 'string'}], 'status': 'available'}</var>
<status status="PASS" start="2025-04-11T23:17:23.715252" elapsed="0.000303"/>
</iter>
<iter>
<kw name="Set Variable" owner="BuiltIn">
<msg time="2025-04-11T23:17:23.715751" level="INFO">${pet_name} = Guru</msg>
<var>${pet_name}</var>
<arg>${pet}[name]</arg>
<doc>Returns the given values which can then be assigned to a variables.</doc>
<status status="PASS" start="2025-04-11T23:17:23.715674" elapsed="0.000090"/>
</kw>
<kw name="Run Keyword If" owner="BuiltIn">
<arg>'${pet_name}' == '${name}'</arg>
<arg>Exit For Loop</arg>
<doc>Runs the given keyword with the given arguments, if ``condition`` is true.</doc>
<status status="PASS" start="2025-04-11T23:17:23.715819" elapsed="0.000076"/>
</kw>
<var name="${pet}">{'id': 9223372036854756344, 'category': {'id': 0, 'name': 'string'}, 'name': 'Guru', 'photoUrls': ['string'], 'tags': [{'id': 0, 'name': 'string'}], 'status': 'available'}</var>
<status status="PASS" start="2025-04-11T23:17:23.715632" elapsed="0.000283"/>
</iter>
<iter>
<kw name="Set Variable" owner="BuiltIn">
<msg time="2025-04-11T23:17:23.716083" level="INFO">${pet_name} = Guru</msg>
<var>${pet_name}</var>
<arg>${pet}[name]</arg>
<doc>Returns the given values which can then be assigned to a variables.</doc>
<status status="PASS" start="2025-04-11T23:17:23.716005" elapsed="0.000090"/>
</kw>
<kw name="Run Keyword If" owner="BuiltIn">
<arg>'${pet_name}' == '${name}'</arg>
<arg>Exit For Loop</arg>
<doc>Runs the given keyword with the given arguments, if ``condition`` is true.</doc>
<status status="PASS" start="2025-04-11T23:17:23.716154" elapsed="0.000088"/>
</kw>
<var name="${pet}">{'id': 9223372036854756345, 'category': {'id': 0, 'name': 'string'}, 'name': 'Guru', 'photoUrls': ['string'], 'tags': [{'id': 0, 'name': 'string'}], 'status': 'available'}</var>
<status status="PASS" start="2025-04-11T23:17:23.715963" elapsed="0.000297"/>
</iter>
<iter>
<kw name="Set Variable" owner="BuiltIn">
<msg time="2025-04-11T23:17:23.716424" level="INFO">${pet_name} = Tom</msg>
<var>${pet_name}</var>
<arg>${pet}[name]</arg>
<doc>Returns the given values which can then be assigned to a variables.</doc>
<status status="PASS" start="2025-04-11T23:17:23.716348" elapsed="0.000089"/>
</kw>
<kw name="Run Keyword If" owner="BuiltIn">
<arg>'${pet_name}' == '${name}'</arg>
<arg>Exit For Loop</arg>
<doc>Runs the given keyword with the given arguments, if ``condition`` is true.</doc>
<status status="PASS" start="2025-04-11T23:17:23.716493" elapsed="0.000079"/>
</kw>
<var name="${pet}">{'id': 2, 'category': {'id': 0, 'name': 'dog'}, 'name': 'Tom', 'photoUrls': ['string'], 'tags': [{'id': 0, 'name': 'string'}], 'status': 'available'}</var>
<status status="PASS" start="2025-04-11T23:17:23.716306" elapsed="0.000287"/>
</iter>
<iter>
<kw name="Set Variable" owner="BuiltIn">
<msg time="2025-04-11T23:17:23.716750" level="INFO">${pet_name} = fish</msg>
<var>${pet_name}</var>
<arg>${pet}[name]</arg>
<doc>Returns the given values which can then be assigned to a variables.</doc>
<status status="PASS" start="2025-04-11T23:17:23.716678" elapsed="0.000085"/>
</kw>
<kw name="Run Keyword If" owner="BuiltIn">
<arg>'${pet_name}' == '${name}'</arg>
<arg>Exit For Loop</arg>
<doc>Runs the given keyword with the given arguments, if ``condition`` is true.</doc>
<status status="PASS" start="2025-04-11T23:17:23.716820" elapsed="0.000074"/>
</kw>
<var name="${pet}">{'id': 9223372036854756352, 'category': {'id': 0, 'name': 'string'}, 'name': 'fish', 'photoUrls': ['string'], 'tags': [{'id': 0, 'name': 'string'}], 'status': 'available'}</var>
<status status="PASS" start="2025-04-11T23:17:23.716636" elapsed="0.000276"/>
</iter>
<iter>
<kw name="Set Variable" owner="BuiltIn">
<msg time="2025-04-11T23:17:23.717089" level="INFO">${pet_name} = doggie</msg>
<var>${pet_name}</var>
<arg>${pet}[name]</arg>
<doc>Returns the given values which can then be assigned to a variables.</doc>
<status status="PASS" start="2025-04-11T23:17:23.717003" elapsed="0.000098"/>
</kw>
<kw name="Run Keyword If" owner="BuiltIn">
<arg>'${pet_name}' == '${name}'</arg>
<arg>Exit For Loop</arg>
<doc>Runs the given keyword with the given arguments, if ``condition`` is true.</doc>
<status status="PASS" start="2025-04-11T23:17:23.717169" elapsed="0.000072"/>
</kw>
<var name="${pet}">{'id': 9223372036854756355, 'category': {'id': -71366914, 'name': 'minim cillum dolor eiusmod'}, 'name': 'doggie', 'photoUrls': ['laborum ullamco ipsum ut', 'nisi sunt est culpa'], 'tags': [{'id': 724...</var>
<status status="PASS" start="2025-04-11T23:17:23.716961" elapsed="0.000298"/>
</iter>
<iter>
<kw name="Set Variable" owner="BuiltIn">
<msg time="2025-04-11T23:17:23.717404" level="INFO">${pet_name} = fish</msg>
<var>${pet_name}</var>
<arg>${pet}[name]</arg>
<doc>Returns the given values which can then be assigned to a variables.</doc>
[...]
<status status="PASS" start="2025-04-11T23:17:24.321135" elapsed="0.000077"/>
</iter>
<iter>
<kw name="Should Be Equal As Strings" owner="BuiltIn">
<arg>${pet}[status]</arg>
<arg>${expected_status}</arg>
<doc>Fails if objects are unequal after converting them to strings.</doc>
<status status="PASS" start="2025-04-11T23:17:24.321255" elapsed="0.000046"/>
</kw>
<var name="${pet}">{'id': 12345678, 'category': {'id': 2, 'name': 'dog'}, 'name': 'Biba', 'photoUrls': ['no_url', 'no_url'], 'tags': [{'id': 3, 'name': 'mops'}], 'status': 'available'}</var>
<status status="PASS" start="2025-04-11T23:17:24.321233" elapsed="0.000079"/>
</iter>
<iter>
<kw name="Should Be Equal As Strings" owner="BuiltIn">
<arg>${pet}[status]</arg>
<arg>${expected_status}</arg>
<doc>Fails if objects are unequal after converting them to strings.</doc>
<status status="PASS" start="2025-04-11T23:17:24.321355" elapsed="0.000047"/>
</kw>
<var name="${pet}">{'id': 9223372016900017280, 'category': {'id': 0, 'name': 'FISH NEMO'}, 'name': 'NEMO FISH', 'photoUrls': ['string'], 'tags': [{'id': 0, 'name': 'string'}], 'status': 'available'}</var>
<status status="PASS" start="2025-04-11T23:17:24.321333" elapsed="0.000079"/>
</iter>
<iter>
<kw name="Should Be Equal As Strings" owner="BuiltIn">
<arg>${pet}[status]</arg>
<arg>${expected_status}</arg>
<doc>Fails if objects are unequal after converting them to strings.</doc>
<status status="PASS" start="2025-04-11T23:17:24.321456" elapsed="0.000047"/>
</kw>
<var name="${pet}">{'id': 9223372036854757268, 'category': {'id': 0, 'name': 'string'}, 'name': 'fish', 'photoUrls': ['string'], 'tags': [{'id': 0, 'name': 'string'}], 'status': 'available'}</var>
<status status="PASS" start="2025-04-11T23:17:24.321434" elapsed="0.000080"/>
</iter>
<iter>
<kw name="Should Be Equal As Strings" owner="BuiltIn">
<arg>${pet}[status]</arg>
<arg>${expected_status}</arg>
<doc>Fails if objects are unequal after converting them to strings.</doc>
<status status="PASS" start="2025-04-11T23:17:24.321556" elapsed="0.000049"/>
</kw>
<var name="${pet}">{'id': 9223372036854757269, 'category': {'id': 0, 'name': 'string'}, 'name': 'doggie', 'photoUrls': ['string'], 'tags': [{'id': 0, 'name': 'string'}], 'status': 'available'}</var>
<status status="PASS" start="2025-04-11T23:17:24.321535" elapsed="0.000081"/>
</iter>
<iter>
<kw name="Should Be Equal As Strings" owner="BuiltIn">
<arg>${pet}[status]</arg>
<arg>${expected_status}</arg>
<doc>Fails if objects are unequal after converting them to strings.</doc>
<status status="PASS" start="2025-04-11T23:17:24.321670" elapsed="0.000047"/>
</kw>
<var name="${pet}">{'id': 9223372036854757270, 'category': {'id': 0, 'name': 'string'}, 'name': 'fish', 'photoUrls': ['string'], 'tags': [{'id': 0, 'name': 'string'}], 'status': 'available'}</var>
<status status="PASS" start="2025-04-11T23:17:24.321648" elapsed="0.000079"/>
</iter>
<iter>
<kw name="Should Be Equal As Strings" owner="BuiltIn">
<arg>${pet}[status]</arg>
<arg>${expected_status}</arg>
<doc>Fails if objects are unequal after converting them to strings.</doc>
<status status="PASS" start="2025-04-11T23:17:24.321771" elapsed="0.000047"/>
</kw>
<var name="${pet}">{'id': 9223372036854757271, 'category': {'id': 0, 'name': 'string'}, 'name': 'doggie', 'photoUrls': ['string'], 'tags': [{'id': 0, 'name': 'string'}], 'status': 'available'}</var>
<status status="PASS" start="2025-04-11T23:17:24.321749" elapsed="0.000083"/>
</iter>
<iter>
<kw name="Should Be Equal As Strings" owner="BuiltIn">
<arg>${pet}[status]</arg>
<arg>${expected_status}</arg>
<doc>Fails if objects are unequal after converting them to strings.</doc>
<status status="PASS" start="2025-04-11T23:17:24.321876" elapsed="0.000048"/>
</kw>
<var name="${pet}">{'id': 9223372036854757272, 'category': {'id': 1, 'name': 'cat'}, 'name': 'Buddy', 'photoUrls': ['url1'], 'tags': [{'id': 1, 'name': 'cute'}], 'status': 'available'}</var>
<status status="PASS" start="2025-04-11T23:17:24.321854" elapsed="0.000080"/>
</iter>
<iter>
<kw name="Should Be Equal As Strings" owner="BuiltIn">
<arg>${pet}[status]</arg>
<arg>${expected_status}</arg>
<doc>Fails if objects are unequal after converting them to strings.</doc>
<status status="PASS" start="2025-04-11T23:17:24.321978" elapsed="0.000046"/>
</kw>
<var name="${pet}">{'id': 703, 'category': {'id': 0, 'name': 'string'}, 'name': 'installation', 'photoUrls': ['string'], 'tags': [{'id': 0, 'name': 'string'}], 'status': 'available'}</var>
<status status="PASS" start="2025-04-11T23:17:24.321956" elapsed="0.000079"/>
</iter>
<iter>
<kw name="Should Be Equal As Strings" owner="BuiltIn">
<arg>${pet}[status]</arg>
<arg>${expected_status}</arg>
<doc>Fails if objects are unequal after converting them to strings.</doc>
<status status="PASS" start="2025-04-11T23:17:24.322080" elapsed="0.000045"/>
</kw>
<var name="${pet}">{'id': 123, 'category': {'id': 1, 'name': 'félins'}, 'name': 'putty', 'photoUrls': ['string'], 'tags': [{'id': 1, 'name': 'domestique'}], 'status': 'available'}</var>
<status status="PASS" start="2025-04-11T23:17:24.322057" elapsed="0.000079"/>
</iter>
<iter>
<kw name="Should Be Equal As Strings" owner="BuiltIn">
<arg>${pet}[status]</arg>
<arg>${expected_status}</arg>
<doc>Fails if objects are unequal after converting them to strings.</doc>
<status status="PASS" start="2025-04-11T23:17:24.322179" elapsed="0.000045"/>
</kw>
<var name="${pet}">{'id': 9223372036854757279, 'category': {'id': 0, 'name': 'string'}, 'name': 'doggie', 'photoUrls': ['string'], 'tags': [{'id': 0, 'name': 'doggie'}], 'status': 'available'}</var>
<status status="PASS" start="2025-04-11T23:17:24.322157" elapsed="0.000078"/>
</iter>
<iter>
<kw name="Should Be Equal As Strings" owner="BuiltIn">
<arg>${pet}[status]</arg>
<arg>${expected_status}</arg>
<doc>Fails if objects are unequal after converting them to strings.</doc>
<status status="PASS" start="2025-04-11T23:17:24.322280" elapsed="0.000044"/>
</kw>
<var name="${pet}">{'id': 42181115, 'category': {'id': 8557341, 'name': 'ut nisi'}, 'name': 'doggie', 'photoUrls': ['fugiat cillum', 'cillum'], 'tags': [{'id': 67927893, 'name': 'et Excepteur ad'}, {'id': -13431872, 'na...</var>
<status status="PASS" start="2025-04-11T23:17:24.322258" elapsed="0.000077"/>
</iter>
<iter>
<kw name="Should Be Equal As Strings" owner="BuiltIn">
<arg>${pet}[status]</arg>
<arg>${expected_status}</arg>
<doc>Fails if objects are unequal after converting them to strings.</doc>
<status status="PASS" start="2025-04-11T23:17:24.322378" elapsed="0.000045"/>
</kw>
<var name="${pet}">{'id': 9223372036854757285, 'category': {'id': 0, 'name': 'string'}, 'name': 'BullDog', 'photoUrls': ['string'], 'tags': [{'id': 0, 'name': 'string'}], 'status': 'available'}</var>
<status status="PASS" start="2025-04-11T23:17:24.322356" elapsed="0.000078"/>
</iter>
<iter>
<kw name="Should Be Equal As Strings" owner="BuiltIn">
<arg>${pet}[status]</arg>
<arg>${expected_status}</arg>
<doc>Fails if objects are unequal after converting them to strings.</doc>
<status status="PASS" start="2025-04-11T23:17:24.322476" elapsed="0.000047"/>
</kw>
<var name="${pet}">{'id': 9223372036854757288, 'category': {'id': 0, 'name': 'Cat'}, 'name': 'cotton', 'photoUrls': ['string'], 'tags': [{'id': 0, 'name': 'my lovely cat'}], 'status': 'available'}</var>
<status status="PASS" start="2025-04-11T23:17:24.322455" elapsed="0.000079"/>
</iter>
<iter>
<kw name="Should Be Equal As Strings" owner="BuiltIn">
<arg>${pet}[status]</arg>
<arg>${expected_status}</arg>
<doc>Fails if objects are unequal after converting them to strings.</doc>
<status status="PASS" start="2025-04-11T23:17:24.322577" elapsed="0.000049"/>
</kw>
<var name="${pet}">{'id': 5812, 'category': {'id': 1, 'name': 'Dogs'}, 'name': 'TestPet1744387408231', 'photoUrls': ['https://example.com/photo.jpg'], 'tags': [{'id': 1, 'name': 'tag1'}], 'status': 'available'}</var>
<status status="PASS" start="2025-04-11T23:17:24.322556" elapsed="0.000081"/>
</iter>
<iter>
<kw name="Should Be Equal As Strings" owner="BuiltIn">
<arg>${pet}[status]</arg>
<arg>${expected_status}</arg>
<doc>Fails if objects are unequal after converting them to strings.</doc>
<status status="PASS" start="2025-04-11T23:17:24.322684" elapsed="0.000048"/>
</kw>
<var name="${pet}">{'id': 8079, 'category': {'id': 1, 'name': 'Dogs'}, 'name': 'TestPet1744387408568', 'photoUrls': ['https://example.com/photo.jpg'], 'tags': [{'id': 1, 'name': 'tag1'}], 'status': 'available'}</var>
<status status="PASS" start="2025-04-11T23:17:24.322660" elapsed="0.000082"/>
</iter>
<iter>
<kw name="Should Be Equal As Strings" owner="BuiltIn">
<arg>${pet}[status]</arg>
<arg>${expected_status}</arg>
<doc>Fails if objects are unequal after converting them to strings.</doc>
<status status="PASS" start="2025-04-11T23:17:24.322787" elapsed="0.000051"/>
</kw>
<var name="${pet}">{'id': 9223372036854757292, 'category': {'id': 0, 'name': '#%status%#'}, 'name': 'doggie', 'photoUrls': ['string'], 'tags': [{'id': 0, 'name': 'string'}], 'status': 'available'}</var>
<status status="PASS" start="2025-04-11T23:17:24.322765" elapsed="0.000083"/>
</iter>
<iter>
<kw name="Should Be Equal As Strings" owner="BuiltIn">
<arg>${pet}[status]</arg>
<arg>${expected_status}</arg>
<doc>Fails if objects are unequal after converting them to strings.</doc>
<status status="PASS" start="2025-04-11T23:17:24.322891" elapsed="0.000047"/>
</kw>
<var name="${pet}">{'id': 9223372036854757293, 'category': {'id': 0, 'name': 'string'}, 'name': 'doggie', 'photoUrls': ['string'], 'tags': [{'id': 0, 'name': 'string'}], 'status': 'available'}</var>
<status status="PASS" start="2025-04-11T23:17:24.322870" elapsed="0.000078"/>
</iter>
<iter>
<kw name="Should Be Equal As Strings" owner="BuiltIn">
<arg>${pet}[status]</arg>
<arg>${expected_status}</arg>
<doc>Fails if objects are unequal after converting them to strings.</doc>
<status status="PASS" start="2025-04-11T23:17:24.322992" elapsed="0.000047"/>
</kw>
<var name="${pet}">{'id': 9223372036854757294, 'category': {'id': 0, 'name': 'string'}, 'name': 'doggie', 'photoUrls': ['string'], 'tags': [{'id': 0, 'name': 'string'}], 'status': 'available'}</var>
<status status="PASS" start="2025-04-11T23:17:24.322970" elapsed="0.000080"/>
</iter>
<iter>
<kw name="Should Be Equal As Strings" owner="BuiltIn">
<arg>${pet}[status]</arg>
<arg>${expected_status}</arg>
<doc>Fails if objects are unequal after converting them to strings.</doc>
<status status="PASS" start="2025-04-11T23:17:24.323093" elapsed="0.000046"/>
</kw>
<var name="${pet}">{'id': 9223372036854757295, 'category': {'id': 0, 'name': 'string'}, 'name': 'doggie', 'photoUrls': ['string'], 'tags': [{'id': 0, 'name': 'string'}], 'status': 'available'}</var>
<status status="PASS" start="2025-04-11T23:17:24.323071" elapsed="0.000088"/>
</iter>
<iter>
<kw name="Should Be Equal As Strings" owner="BuiltIn">
<arg>${pet}[status]</arg>
<arg>${expected_status}</arg>
<doc>Fails if objects are unequal after converting them to strings.</doc>
<status status="PASS" start="2025-04-11T23:17:24.323205" elapsed="0.000044"/>
</kw>
<var name="${pet}">{'id': 429, 'category': {'id': 523, 'name': 'gyAhlzZpi'}, 'name': 'doggie', 'photoUrls': ['80Ee', 'FHq', '1FB7n', 'aZ8BT6Eba', '0waOFP0bu'], 'tags': [{'id': 652, 'name': 'zComjlbK'}, {'id': 963, 'name...</var>
<status status="PASS" start="2025-04-11T23:17:24.323183" elapsed="0.000077"/>
</iter>
<iter>
<kw name="Should Be Equal As Strings" owner="BuiltIn">
<arg>${pet}[status]</arg>
<arg>${expected_status}</arg>
<doc>Fails if objects are unequal after converting them to strings.</doc>
<status status="PASS" start="2025-04-11T23:17:24.323310" elapsed="0.000177"/>
</kw>
<var name="${pet}">{'id': 9223372036854757297, 'category': {'id': 0, 'name': 'string'}, 'name': 'cat', 'photoUrls': ['https://klike.net/uploads/posts/2023-01/1675061232_3-62.jpg'], 'tags': [{'id': 0, 'name': 'string'}],...</var>
<status status="PASS" start="2025-04-11T23:17:24.323288" elapsed="0.000209"/>
</iter>
<iter>
<kw name="Should Be Equal As Strings" owner="BuiltIn">
<arg>${pet}[status]</arg>
<arg>${expected_status}</arg>
<doc>Fails if objects are unequal after converting them to strings.</doc>
<status status="PASS" start="2025-04-11T23:17:24.323543" elapsed="0.000047"/>
</kw>
<var name="${pet}">{'id': 9223372036854775807, 'category': {'id': 0, 'name': 'string'}, 'name': 'fish', 'photoUrls': ['string'], 'tags': [{'id': 0, 'name': 'string'}], 'status': 'available'}</var>
<status status="PASS" start="2025-04-11T23:17:24.323520" elapsed="0.000080"/>
</iter>
<iter>
<kw name="Should Be Equal As Strings" owner="BuiltIn">
<arg>${pet}[status]</arg>
<arg>${expected_status}</arg>
<doc>Fails if objects are unequal after converting them to strings.</doc>
<status status="PASS" start="2025-04-11T23:17:24.323644" elapsed="0.000046"/>
</kw>
<var name="${pet}">{'id': 4365, 'category': {'id': 1, 'name': 'Dogs'}, 'name': 'TestPet1744388198081', 'photoUrls': ['https://example.com/photo.jpg'], 'tags': [{'id': 1, 'name': 'tag1'}], 'status': 'available'}</var>
<status status="PASS" start="2025-04-11T23:17:24.323622" elapsed="0.000078"/>
</iter>
<iter>
<kw name="Should Be Equal As Strings" owner="BuiltIn">
<arg>${pet}[status]</arg>
<arg>${expected_status}</arg>
<doc>Fails if objects are unequal after converting them to strings.</doc>
<status status="PASS" start="2025-04-11T23:17:24.323743" elapsed="0.000047"/>
</kw>
<var name="${pet}">{'id': 2221, 'category': {'id': 0, 'name': 'string'}, 'name': 'ban', 'photoUrls': ['string'], 'tags': [{'id': 0, 'name': 'string'}], 'status': 'available'}</var>
<status status="PASS" start="2025-04-11T23:17:24.323722" elapsed="0.000078"/>
</iter>
<var>${pet}</var>
<value>@{pets}</value>
<status status="PASS" start="2025-04-11T23:17:24.278925" elapsed="0.044884"/>
</for>
<arg>${response}</arg>
<arg>${AVALIABLE}</arg>
<status status="PASS" start="2025-04-11T23:17:24.240881" elapsed="0.082948"/>
</kw>
<doc>This test case retrieves pets with the status "available" and verifies the response.</doc>
<status status="PASS" start="2025-04-11T23:17:23.992077" elapsed="0.331810"/>
</test>
<test id="s1-s1-s2-t3" name="Retrieve Pet By ID" line="20">
<kw name="Get Pet By ID" owner="pet_keywords">
<kw name="GET On Session" owner="RequestsLibrary">
<msg time="2025-04-11T23:17:24.560045" level="INFO">GET Request : url=https://petstore.swagger.io/v2/pet/2 
 path_url=/v2/pet/2 
 headers={'User-Agent': 'python-requests/2.32.3', 'Accept-Encoding': 'gzip, deflate', 'Accept': '*/*', 'Connection': 'keep-alive'} 
 body=None 
 </msg>
<msg time="2025-04-11T23:17:24.560240" level="INFO">GET Response : url=https://petstore.swagger.io/v2/pet/2 
 status=200, reason=OK 
 headers={'Date': 'Fri, 11 Apr 2025 16:17:24 GMT', 'Content-Type': 'application/json', 'Transfer-Encoding': 'chunked', 'Connection': 'keep-alive', 'Access-Control-Allow-Origin': '*', 'Access-Control-Allow-Methods': 'GET, POST, DELETE, PUT', 'Access-Control-Allow-Headers': 'Content-Type, api_key, Authorization', 'Server': 'Jetty(9.2.9.v20150224)'} 
 body={"id":2,"category":{"id":1232,"name":"555"},"name":"CatTest","photoUrls":[],"tags":[{"id":2,"name":"54"}],"status":"available"} 
 </msg>
<msg time="2025-04-11T23:17:24.560499" level="INFO">${response} = &lt;Response [200]&gt;</msg>
<var>${response}</var>
<arg>petstore</arg>
<arg>${RETRIEVE_PET_BY_ID_ENDPOINT}/${pet_id}</arg>
<doc>Sends a GET request on a previously created HTTP Session.</doc>
<status status="PASS" start="2025-04-11T23:17:24.324192" elapsed="0.236368"/>
</kw>
<return>
<value>${response}</value>
<status status="PASS" start="2025-04-11T23:17:24.560730" elapsed="0.000107"/>
</return>
<msg time="2025-04-11T23:17:24.561105" level="INFO">${response} = &lt;Response [200]&gt;</msg>
<var>${response}</var>
<arg>${PET_ID}</arg>
<status status="PASS" start="2025-04-11T23:17:24.324107" elapsed="0.237036"/>
</kw>
<kw name="Verify Pet By ID" owner="pet_keywords">
<kw name="Get Json Value" owner="common_keywords">
<kw name="Evaluate" owner="BuiltIn">
<msg time="2025-04-11T23:17:24.569828" level="FAIL">Evaluating expression '[match.value for match in __import__(\'jsonpath_ng\').parse("$[0]").find({\'id\': 2, \'category\': {\'id\': 1232, \'name\': \'555\'}, \'name\': \'CatTest\', \'photoUrls\': [], \'tags\': [{\'id\': 2, \'name\': \'54\'}], \'status\': \'available\'})]' failed: KeyError: 0</msg>
<var>${matches}</var>
<arg>[match.value for match in __import__('jsonpath_ng').parse("${json_path}").find(${json_data})]</arg>
<doc>Evaluates the given expression in Python and returns the result.</doc>
<status status="FAIL" start="2025-04-11T23:17:24.563398" elapsed="0.006834">Evaluating expression '[match.value for match in __import__(\'jsonpath_ng\').parse("$[0]").find({\'id\': 2, \'category\': {\'id\': 1232, \'name\': \'555\'}, \'name\': \'CatTest\', \'photoUrls\': [], \'tags\': [{\'id\': 2, \'name\': \'54\'}], \'status\': \'available\'})]' failed: KeyError: 0</status>
</kw>
<return>
<value>${matches}</value>
<status status="NOT RUN" start="2025-04-11T23:17:24.570369" elapsed="0.000036"/>
</return>
<var>${pet}</var>
<arg>${response.json()}</arg>
<arg>$[0]</arg>
<doc>Extracts values from JSON data using a JSONPath expression.</doc>
<status status="FAIL" start="2025-04-11T23:17:24.562313" elapsed="0.008271">Evaluating expression '[match.value for match in __import__(\'jsonpath_ng\').parse("$[0]").find({\'id\': 2, \'category\': {\'id\': 1232, \'name\': \'555\'}, \'name\': \'CatTest\', \'photoUrls\': [], \'tags\': [{\'id\': 2, \'name\': \'54\'}], \'status\': \'available\'})]' failed: KeyError: 0</status>
</kw>
<kw name="Should Be Equal As Numbers" owner="BuiltIn">
<arg>${pet}[id]</arg>
<arg>${expected_id}</arg>
<doc>Fails if objects are unequal after converting them to real numbers.</doc>
<status status="NOT RUN" start="2025-04-11T23:17:24.570816" elapsed="0.000030"/>
</kw>
<kw name="Should Not Be Empty" owner="BuiltIn">
<arg>${pet}[name]</arg>
<doc>Verifies that the given item is not empty.</doc>
<status status="NOT RUN" start="2025-04-11T23:17:24.570938" elapsed="0.000015"/>
</kw>
<kw name="Should Not Be Empty" owner="BuiltIn">
<arg>${pet}[status]</arg>
<doc>Verifies that the given item is not empty.</doc>
<status status="NOT RUN" start="2025-04-11T23:17:24.571015" elapsed="0.000012"/>
</kw>
<arg>${response}</arg>
<arg>${PET_ID}</arg>
<status status="FAIL" start="2025-04-11T23:17:24.561623" elapsed="0.009484">Evaluating expression '[match.value for match in __import__(\'jsonpath_ng\').parse("$[0]").find({\'id\': 2, \'category\': {\'id\': 1232, \'name\': \'555\'}, \'name\': \'CatTest\', \'photoUrls\': [], \'tags\': [{\'id\': 2, \'name\': \'54\'}], \'status\': \'available\'})]' failed: KeyError: 0</status>
</kw>
<doc>This test case retrieves a pet by its ID and verifies the response.</doc>
<status status="FAIL" start="2025-04-11T23:17:24.323955" elapsed="0.247465">Evaluating expression '[match.value for match in __import__(\'jsonpath_ng\').parse("$[0]").find({\'id\': 2, \'category\': {\'id\': 1232, \'name\': \'555\'}, \'name\': \'CatTest\', \'photoUrls\': [], \'tags\': [{\'id\': 2, \'name\': \'54\'}], \'status\': \'available\'})]' failed: KeyError: 0</status>
</test>
<status status="FAIL" start="2025-04-11T23:17:23.731760" elapsed="0.840103"/>
</suite>
<status status="FAIL" start="2025-04-11T23:17:21.216341" elapsed="3.355999"/>
</suite>
<status status="FAIL" start="2025-04-11T23:17:21.206518" elapsed="3.366156"/>
</suite>
<statistics>
<total>
<stat pass="3" fail="1" skip="0">All Tests</stat>
</total>
<tag>
<stat pass="1" fail="0" skip="0">TC_ID_001</stat>
</tag>
<suite>
<stat name="Tests" id="s1" pass="3" fail="1" skip="0">Tests</stat>
<stat name="Pets" id="s1-s1" pass="3" fail="1" skip="0">Tests.Pets</stat>
<stat name="Add Pet" id="s1-s1-s1" pass="1" fail="0" skip="0">Tests.Pets.Add Pet</stat>
<stat name="Find Pet" id="s1-s1-s2" pass="2" fail="1" skip="0">Tests.Pets.Find Pet</stat>
</suite>
</statistics>
<errors>
</errors>
</robot>
