<?xml version="1.0" encoding="UTF-8"?>
<testsuite xmlns:xsi="http://www.w3.org/2001/XMLSchema-instance" xsi:noNamespaceSchemaLocation="https://maven.apache.org/surefire/maven-surefire-plugin/xsd/surefire-test-report-3.0.xsd" version="3.0" name="runners.CucumberTestRunner" time="36.269" tests="20" errors="0" skipped="0" failures="0">
  <properties>
[...]
</properties>
  <testcase name="Create a pet with valid pet id #1" classname="CRUD pet" time="5.274">
    <system-out><![CDATA[
@allcases @positivecase
Scenario Outline: Create a pet with valid pet id                                                # src/test/resources/features/api_tests.feature:13
  Given the pet store API is available                                                          # steps.PetStoreSteps.the_pet_store_API_is_available()
  When I send a "POST" request to create a pet with name "Rocky", status "sold", and pet ID "2" # steps.PetStoreSteps.i_send_a_POST_request_to_create_a_pet(java.lang.String,java.lang.String,java.lang.String,java.lang.String)
  Then the response status code should be 200                                                   # steps.PetStoreSteps.the_response_status_code_should_be(int)
  And the response should contain pet name "Rocky" and status "sold"                            # steps.PetStoreSteps.the_response_should_contain_pet_name_and_status(java.lang.String,java.lang.String)
]]></system-out>
    <system-err><![CDATA[SLF4J: Failed to load class "org.slf4j.impl.StaticLoggerBinder".
SLF4J: Defaulting to no-operation (NOP) logger implementation
SLF4J: See http://www.slf4j.org/codes.html#StaticLoggerBinder for further details.
]]></system-err>
  </testcase>
  <testcase name="Create a pet with valid pet id #2" classname="CRUD pet" time="2.006">
    <system-out><![CDATA[
@allcases @positivecase
Scenario Outline: Create a pet with valid pet id                                                  # src/test/resources/features/api_tests.feature:14
  Given the pet store API is available                                                            # steps.PetStoreSteps.the_pet_store_API_is_available()
  When I send a "POST" request to create a pet with name "Jane", status "pending", and pet ID "5" # steps.PetStoreSteps.i_send_a_POST_request_to_create_a_pet(java.lang.String,java.lang.String,java.lang.String,java.lang.String)
  Then the response status code should be 200                                                     # steps.PetStoreSteps.the_response_status_code_should_be(int)
  And the response should contain pet name "Jane" and status "pending"                            # steps.PetStoreSteps.the_response_should_contain_pet_name_and_status(java.lang.String,java.lang.String)
]]></system-out>
  </testcase>
  <testcase name="Create a pet with valid pet id #3" classname="CRUD pet" time="1.604">
    <system-out><![CDATA[
@allcases @positivecase
Scenario Outline: Create a pet with valid pet id                                                       # src/test/resources/features/api_tests.feature:15
  Given the pet store API is available                                                                 # steps.PetStoreSteps.the_pet_store_API_is_available()
  When I send a "POST" request to create a pet with name "George", status "available", and pet ID "10" # steps.PetStoreSteps.i_send_a_POST_request_to_create_a_pet(java.lang.String,java.lang.String,java.lang.String,java.lang.String)
  Then the response status code should be 200                                                          # steps.PetStoreSteps.the_response_status_code_should_be(int)
  And the response should contain pet name "George" and status "available"                             # steps.PetStoreSteps.the_response_should_contain_pet_name_and_status(java.lang.String,java.lang.String)
]]></system-out>
  </testcase>
  <testcase name="Create a pet with invalid pet id" classname="CRUD pet" time="1.329">
    <system-out><![CDATA[
@allcases @negativecase
Scenario: Create a pet with invalid pet id                                                                       # src/test/resources/features/api_tests.feature:18
  Given the pet store API is available                                                                           # steps.PetStoreSteps.the_pet_store_API_is_available()
  When I send a "POST" request to create a pet with name "George", status "available", and pet ID "invalid_data" # steps.PetStoreSteps.i_send_a_POST_request_to_create_a_pet(java.lang.String,java.lang.String,java.lang.String,java.lang.String)
  Then the response status code should be 500                                                                    # steps.PetStoreSteps.the_response_status_code_should_be(int)
]]></system-out>
  </testcase>
  <testcase name="Update pet name" classname="CRUD pet" time="1.627">
    <system-out><![CDATA[
@allcases @positivecase
Scenario: Update pet name                                                                          # src/test/resources/features/api_tests.feature:24
  Given the pet store API is available                                                             # steps.PetStoreSteps.the_pet_store_API_is_available()
  When I send a "PUT" request to create a pet with name "Tarzan", status "pending", and pet ID "5" # steps.PetStoreSteps.i_send_a_POST_request_to_create_a_pet(java.lang.String,java.lang.String,java.lang.String,java.lang.String)
  Then the response status code should be 200                                                      # steps.PetStoreSteps.the_response_status_code_should_be(int)
  And the response should contain pet name "Tarzan" and status "pending"                           # steps.PetStoreSteps.the_response_should_contain_pet_name_and_status(java.lang.String,java.lang.String)
]]></system-out>
  </testcase>
  <testcase name="Update pet id with null value #1" classname="CRUD pet" time="1.411">
    <system-out><![CDATA[
@allcases @negativecase
Scenario: Update pet id with null value                                                             # src/test/resources/features/api_tests.feature:37
  Given the pet store API is available                                                              # steps.PetStoreSteps.the_pet_store_API_is_available()
  When I send a "PUT" request to create a pet with name "George", status "pending", and pet ID "{}" # steps.PetStoreSteps.i_send_a_POST_request_to_create_a_pet(java.lang.String,java.lang.String,java.lang.String,java.lang.String)
  Then the response status code should be 500                                                       # steps.PetStoreSteps.the_response_status_code_should_be(int)
]]></system-out>
  </testcase>
  <testcase name="Update pet id with null value #2" classname="CRUD pet" time="1.443">
    <system-out><![CDATA[
@allcases @negativecase
Scenario: Update pet id with null value                                                             # src/test/resources/features/api_tests.feature:38
  Given the pet store API is available                                                              # steps.PetStoreSteps.the_pet_store_API_is_available()
  When I send a "PUT" request to create a pet with name "George", status "pending", and pet ID "*&" # steps.PetStoreSteps.i_send_a_POST_request_to_create_a_pet(java.lang.String,java.lang.String,java.lang.String,java.lang.String)
  Then the response status code should be 500                                                       # steps.PetStoreSteps.the_response_status_code_should_be(int)
]]></system-out>
  </testcase>
  <testcase name="Successfully upload an image for a pet" classname="CRUD pet" time="2.275">
    <system-out><![CDATA[
@allcases @positivecase
Scenario: Successfully upload an image for a pet                       # src/test/resources/features/api_tests.feature:42
  Given the pet store API is available                                 # steps.PetStoreSteps.the_pet_store_API_is_available()
  When I upload an image "cat.jpeg" for pet ID 10 with metadata "test" # steps.PetStoreSteps.i_upload_an_image_for_pet_with_metadata(java.lang.String,int,java.lang.String)
  Then the response status code should be 200                          # steps.PetStoreSteps.the_response_status_code_should_be(int)
  And the response should contains message "uploaded"                  # steps.PetStoreSteps.the_response_should_contain_message(java.lang.String)
]]></system-out>
  </testcase>
  <testcase name="Upload a non-existing file" classname="CRUD pet" time="1.346">
    <system-out><![CDATA[
@allcases @negativecase
Scenario: Upload a non-existing file                                                 # src/test/resources/features/api_tests.feature:49
  Given the pet store API is available                                               # steps.PetStoreSteps.the_pet_store_API_is_available()
 File not found: /Users/rizkafebrila/Workspace/api_rest_assured/src/test/resources/images/non_existing_file.jpeg
  When I upload an image "non_existing_file.jpeg" for pet ID 10 with metadata "test" # steps.PetStoreSteps.i_upload_an_image_for_pet_with_metadata(java.lang.String,int,java.lang.String)
  Then the response status code should be 500                                        # steps.PetStoreSteps.the_response_status_code_should_be(int)
]]></system-out>
  </testcase>
  <testcase name="Get pet by ID" classname="CRUD pet" time="1.532">
    <system-out><![CDATA[
@allcases @positivecase
Scenario: Get pet by ID                       # src/test/resources/features/api_tests.feature:55
  Given the pet store API is available        # steps.PetStoreSteps.the_pet_store_API_is_available()
  When I retrieve pet details for pet ID 10   # steps.PetStoreSteps.i_retrieve_pet_details_for_pet_ID(int)
  Then the response status code should be 200 # steps.PetStoreSteps.the_response_status_code_should_be(int)
  And the response should contain pet ID 10   # steps.PetStoreSteps.the_response_should_contain_pet_ID(int)
]]></system-out>
  </testcase>
  <testcase name="Get pet by invalid ID" classname="CRUD pet" time="1.526">
    <system-out><![CDATA[
@allcases @negativecase
Scenario: Get pet by invalid ID                            # src/test/resources/features/api_tests.feature:62
  Given the pet store API is available                     # steps.PetStoreSteps.the_pet_store_API_is_available()
  When I retrieve pet details for pet ID 0                 # steps.PetStoreSteps.i_retrieve_pet_details_for_pet_ID(int)
  Then the response status code should be 404              # steps.PetStoreSteps.the_response_status_code_should_be(int)
  And the response should contains message "Pet not found" # steps.PetStoreSteps.the_response_should_contain_message(java.lang.String)
]]></system-out>
  </testcase>
  <testcase name="Get pets by status #1" classname="CRUD pet" time="1.908">
    <system-out><![CDATA[
@allcases @positivecase
Scenario Outline: Get pets by status           # src/test/resources/features/api_tests.feature:76
  Given the pet store API is available         # steps.PetStoreSteps.the_pet_store_API_is_available()
  When I retrieve pets with status "available" # steps.PetStoreSteps.i_retrieve_pets_with_status(java.lang.String)
  Then the response status code should be 200  # steps.PetStoreSteps.the_response_status_code_should_be(int)
]]></system-out>
  </testcase>
  <testcase name="Get pets by status #2" classname="CRUD pet" time="1.542">
    <system-out><![CDATA[
@allcases @positivecase
Scenario Outline: Get pets by status          # src/test/resources/features/api_tests.feature:77
  Given the pet store API is available        # steps.PetStoreSteps.the_pet_store_API_is_available()
  When I retrieve pets with status "pending"  # steps.PetStoreSteps.i_retrieve_pets_with_status(java.lang.String)
  Then the response status code should be 200 # steps.PetStoreSteps.the_response_status_code_should_be(int)
]]></system-out>
  </testcase>
  <testcase name="Get pets by status #3" classname="CRUD pet" time="1.313">
    <system-out><![CDATA[
@allcases @positivecase
Scenario Outline: Get pets by status          # src/test/resources/features/api_tests.feature:78
  Given the pet store API is available        # steps.PetStoreSteps.the_pet_store_API_is_available()
  When I retrieve pets with status "sold"     # steps.PetStoreSteps.i_retrieve_pets_with_status(java.lang.String)
  Then the response status code should be 200 # steps.PetStoreSteps.the_response_status_code_should_be(int)
]]></system-out>
  </testcase>
  <testcase name="Update pet name and status by invalid ID" classname="CRUD pet" time="1.514">
    <system-out><![CDATA[
@allcases @negativecase
Scenario Outline: Update pet name and status by invalid ID                # src/test/resources/features/api_tests.feature:81
  Given the pet store API is available                                    # steps.PetStoreSteps.the_pet_store_API_is_available()
Saved Pet ID: not found
  When I update the pet with ID "0" to name "John Doe" and status "other" # steps.PetStoreSteps.i_update_the_pet_with_id_to_name_and_status(java.lang.String,java.lang.String,java.lang.String)
  Then the response status code should be 404                             # steps.PetStoreSteps.the_response_status_code_should_be(int)
]]></system-out>
  </testcase>
  <testcase name="Update pet name and status by ID #1" classname="CRUD pet" time="1.258">
    <system-out><![CDATA[
@allcases @positivecase
Scenario Outline: Update pet name and status by ID                    # src/test/resources/features/api_tests.feature:94
  Given the pet store API is available                                # steps.PetStoreSteps.the_pet_store_API_is_available()
Saved Pet ID: 2
  When I update the pet with ID "2" to name "Rocky" and status "sold" # steps.PetStoreSteps.i_update_the_pet_with_id_to_name_and_status(java.lang.String,java.lang.String,java.lang.String)
  Then the response status code should be 200                         # steps.PetStoreSteps.the_response_status_code_should_be(int)
]]></system-out>
  </testcase>
  <testcase name="Update pet name and status by ID #2" classname="CRUD pet" time="1.452">
    <system-out><![CDATA[
@allcases @positivecase
Scenario Outline: Update pet name and status by ID                      # src/test/resources/features/api_tests.feature:95
  Given the pet store API is available                                  # steps.PetStoreSteps.the_pet_store_API_is_available()
Saved Pet ID: 5
  When I update the pet with ID "5" to name "Jane" and status "pending" # steps.PetStoreSteps.i_update_the_pet_with_id_to_name_and_status(java.lang.String,java.lang.String,java.lang.String)
  Then the response status code should be 200                           # steps.PetStoreSteps.the_response_status_code_should_be(int)
]]></system-out>
  </testcase>
  <testcase name="Update pet name and status by ID #3" classname="CRUD pet" time="1.28">
    <system-out><![CDATA[
@allcases @positivecase
Scenario Outline: Update pet name and status by ID                          # src/test/resources/features/api_tests.feature:96
  Given the pet store API is available                                      # steps.PetStoreSteps.the_pet_store_API_is_available()
Saved Pet ID: 10
  When I update the pet with ID "10" to name "Pimpi" and status "available" # steps.PetStoreSteps.i_update_the_pet_with_id_to_name_and_status(java.lang.String,java.lang.String,java.lang.String)
  Then the response status code should be 200                               # steps.PetStoreSteps.the_response_status_code_should_be(int)
]]></system-out>
  </testcase>
  <testcase name="Delete the pet using ID #1" classname="CRUD pet" time="1.484">
    <system-out><![CDATA[
@allcases @positivecase @negativecase @positivecase
Scenario Outline: Delete the pet using ID     # src/test/resources/features/api_tests.feature:108
  Given the pet store API is available        # steps.PetStoreSteps.the_pet_store_API_is_available()
 Successfully deleted pet with ID: 10
  When I delete the pet by ID "10"            # steps.PetStoreSteps.i_delete_the_pet_using_the_saved_ID(java.lang.String)
  Then the response status code should be 200 # steps.PetStoreSteps.the_response_status_code_should_be(int)
]]></system-out>
  </testcase>
  <testcase name="Delete the pet using ID #2" classname="CRUD pet" time="1.53">
    <system-out><![CDATA[
@allcases @positivecase @negativecase @negativecase
Scenario Outline: Delete the pet using ID     # src/test/resources/features/api_tests.feature:113
  Given the pet store API is available        # steps.PetStoreSteps.the_pet_store_API_is_available()
 Successfully deleted pet with ID: 10
  When I delete the pet by ID "10"            # steps.PetStoreSteps.i_delete_the_pet_using_the_saved_ID(java.lang.String)
  Then the response status code should be 404 # steps.PetStoreSteps.the_response_status_code_should_be(int)
]]></system-out>
  </testcase>
</testsuite>